2017-10-03 19:26:56.242  INFO 25972 --- [           main] s.c.a.AnnotationConfigApplicationContext : Refreshing org.springframework.context.annotation.AnnotationConfigApplicationContext@71b1176b: startup date [Tue Oct 03 19:26:56 CEST 2017]; root of context hierarchy
2017-10-03 19:26:57.148  INFO 25972 --- [           main] f.a.AutowiredAnnotationBeanPostProcessor : JSR-330 'javax.inject.Inject' annotation found and supported for autowiring
2017-10-03 19:26:57.333  INFO 25972 --- [           main] trationDelegate$BeanPostProcessorChecker : Bean 'configurationPropertiesRebinderAutoConfiguration' of type [class org.springframework.cloud.autoconfigure.ConfigurationPropertiesRebinderAutoConfiguration$$EnhancerBySpringCGLIB$$25694e51] is not eligible for getting processed by all BeanPostProcessors (for example: not eligible for auto-proxying)

  .   ____          _            __ _ _
 /\\ / ___'_ __ _ _(_)_ __  __ _ \ \ \ \
( ( )\___ | '_ | '_| | '_ \/ _` | \ \ \ \
 \\/  ___)| |_)| | | | | || (_| |  ) ) ) )
  '  |____| .__|_| |_|_| |_\__, | / / / /
 =========|_|==============|___/=/_/_/_/
 :: Spring Boot ::        (v1.3.5.RELEASE)

2017-10-03 19:26:59.498  INFO 25972 --- [           main] o.d.e.n.NeocomMicroServiceApplication    : No active profile set, falling back to default profiles: default
2017-10-03 19:26:59.547  INFO 25972 --- [           main] ationConfigEmbeddedWebApplicationContext : Refreshing org.springframework.boot.context.embedded.AnnotationConfigEmbeddedWebApplicationContext@3e6f3f28: startup date [Tue Oct 03 19:26:59 CEST 2017]; parent: org.springframework.context.annotation.AnnotationConfigApplicationContext@71b1176b
2017-10-03 19:27:02.145  INFO 25972 --- [           main] o.s.b.f.s.DefaultListableBeanFactory     : Overriding bean definition for bean 'hystrixFeature' with a different definition: replacing [Root bean: class [null]; scope=; abstract=false; lazyInit=false; autowireMode=3; dependencyCheck=0; autowireCandidate=true; primary=false; factoryBeanName=org.springframework.cloud.netflix.hystrix.HystrixCircuitBreakerConfiguration$HystrixWebConfiguration; factoryMethodName=hystrixFeature; initMethodName=null; destroyMethodName=(inferred); defined in class path resource [org/springframework/cloud/netflix/hystrix/HystrixCircuitBreakerConfiguration$HystrixWebConfiguration.class]] with [Root bean: class [null]; scope=; abstract=false; lazyInit=false; autowireMode=3; dependencyCheck=0; autowireCandidate=true; primary=false; factoryBeanName=org.springframework.cloud.netflix.hystrix.HystrixCircuitBreakerConfiguration; factoryMethodName=hystrixFeature; initMethodName=null; destroyMethodName=(inferred); defined in class path resource [org/springframework/cloud/netflix/hystrix/HystrixCircuitBreakerConfiguration.class]]
2017-10-03 19:27:02.869  WARN 25972 --- [           main] o.s.c.a.ConfigurationClassPostProcessor  : Cannot enhance @Configuration bean definition 'refreshScope' since its singleton instance has been created too early. The typical cause is a non-static @Bean method with a BeanDefinitionRegistryPostProcessor return type: Consider declaring such methods as 'static'.
2017-10-03 19:27:03.245  INFO 25972 --- [           main] o.s.cloud.context.scope.GenericScope     : BeanFactory id=c69b4877-9c21-3470-be6f-ea157f0549fa
2017-10-03 19:27:03.291  INFO 25972 --- [           main] f.a.AutowiredAnnotationBeanPostProcessor : JSR-330 'javax.inject.Inject' annotation found and supported for autowiring
2017-10-03 19:27:04.035  INFO 25972 --- [           main] trationDelegate$BeanPostProcessorChecker : Bean 'org.springframework.cloud.autoconfigure.ConfigurationPropertiesRebinderAutoConfiguration' of type [class org.springframework.cloud.autoconfigure.ConfigurationPropertiesRebinderAutoConfiguration$$EnhancerBySpringCGLIB$$25694e51] is not eligible for getting processed by all BeanPostProcessors (for example: not eligible for auto-proxying)
2017-10-03 19:27:04.068  INFO 25972 --- [           main] trationDelegate$BeanPostProcessorChecker : Bean 'org.springframework.cloud.autoconfigure.RefreshEndpointAutoConfiguration' of type [class org.springframework.cloud.autoconfigure.RefreshEndpointAutoConfiguration$$EnhancerBySpringCGLIB$$cec85047] is not eligible for getting processed by all BeanPostProcessors (for example: not eligible for auto-proxying)
2017-10-03 19:27:05.343  INFO 25972 --- [           main] s.b.c.e.t.TomcatEmbeddedServletContainer : Tomcat initialized with port(s): 9000 (http)
2017-10-03 19:27:05.371  INFO 25972 --- [           main] o.apache.catalina.core.StandardService   : Starting service Tomcat
2017-10-03 19:27:05.373  INFO 25972 --- [           main] org.apache.catalina.core.StandardEngine  : Starting Servlet Engine: Apache Tomcat/8.0.33
2017-10-03 19:27:05.869  INFO 25972 --- [ost-startStop-1] o.a.c.c.C.[Tomcat].[localhost].[/]       : Initializing Spring embedded WebApplicationContext
2017-10-03 19:27:05.870  INFO 25972 --- [ost-startStop-1] o.s.web.context.ContextLoader            : Root WebApplicationContext: initialization completed in 6323 ms
2017-10-03 19:27:07.615  INFO 25972 --- [ost-startStop-1] o.s.b.c.e.ServletRegistrationBean        : Mapping servlet: 'dispatcherServlet' to [/]
2017-10-03 19:27:07.625  INFO 25972 --- [ost-startStop-1] o.s.b.c.embedded.FilterRegistrationBean  : Mapping filter: 'metricFilter' to: [/*]
2017-10-03 19:27:07.626  INFO 25972 --- [ost-startStop-1] o.s.b.c.embedded.FilterRegistrationBean  : Mapping filter: 'characterEncodingFilter' to: [/*]
2017-10-03 19:27:07.626  INFO 25972 --- [ost-startStop-1] o.s.b.c.embedded.FilterRegistrationBean  : Mapping filter: 'hiddenHttpMethodFilter' to: [/*]
2017-10-03 19:27:07.626  INFO 25972 --- [ost-startStop-1] o.s.b.c.embedded.FilterRegistrationBean  : Mapping filter: 'httpPutFormContentFilter' to: [/*]
2017-10-03 19:27:07.627  INFO 25972 --- [ost-startStop-1] o.s.b.c.embedded.FilterRegistrationBean  : Mapping filter: 'requestContextFilter' to: [/*]
2017-10-03 19:27:07.627  INFO 25972 --- [ost-startStop-1] o.s.b.c.embedded.FilterRegistrationBean  : Mapping filter: 'webRequestLoggingFilter' to: [/*]
2017-10-03 19:27:07.627  INFO 25972 --- [ost-startStop-1] o.s.b.c.embedded.FilterRegistrationBean  : Mapping filter: 'applicationContextIdFilter' to: [/*]
2017-10-03 19:27:07.709  INFO 25972 --- [           main] NeocomMicroServiceApplication            : >> [NeocomMicroServiceApplication.<constructor>]
2017-10-03 19:27:07.709  INFO 25972 --- [           main] NeocomMicroServiceApplication            : -- [NeocomMicroServiceApplication.<constructor>]> Instantiating the singleton.
2017-10-03 19:27:07.709  INFO 25972 --- [           main] NeocomMicroServiceApplication            : << [NeocomMicroServiceApplication.<constructor>]
2017-10-03 19:27:07.997  WARN 25972 --- [           main] c.n.c.sources.URLConfigurationSource     : No URLs will be polled as dynamic configuration sources.
2017-10-03 19:27:07.998  INFO 25972 --- [           main] c.n.c.sources.URLConfigurationSource     : To enable URLs as dynamic configuration sources, define System property archaius.configurationSource.additionalUrls or make config.properties available on classpath.
2017-10-03 19:27:08.038  INFO 25972 --- [           main] c.netflix.config.DynamicPropertyFactory  : DynamicPropertyFactory is initialized with configuration sources: com.netflix.config.ConcurrentCompositeConfiguration@288214b1
2017-10-03 19:27:09.494  INFO 25972 --- [           main] s.w.s.m.m.a.RequestMappingHandlerAdapter : Looking for @ControllerAdvice: org.springframework.boot.context.embedded.AnnotationConfigEmbeddedWebApplicationContext@3e6f3f28: startup date [Tue Oct 03 19:26:59 CEST 2017]; parent: org.springframework.context.annotation.AnnotationConfigApplicationContext@71b1176b
2017-10-03 19:27:10.040  INFO 25972 --- [           main] s.w.s.m.m.a.RequestMappingHandlerMapping : Mapped "{[/api/v1/eveitem/{typeID}],methods=[GET],produces=[application/json]}" onto public org.dimensinfin.eveonline.neocom.model.EveItem org.dimensinfin.eveonline.neocom.controller.EveItemController.eveItem(java.lang.String)
2017-10-03 19:27:10.046  INFO 25972 --- [           main] s.w.s.m.m.a.RequestMappingHandlerMapping : Mapped "{[/api/v1/location/updatecitadels],methods=[GET],produces=[application/json]}" onto public java.lang.String org.dimensinfin.eveonline.neocom.controller.LocationController.updateCitadels()
2017-10-03 19:27:10.047  INFO 25972 --- [           main] s.w.s.m.m.a.RequestMappingHandlerMapping : Mapped "{[/api/v1/location/updateoutposts],methods=[GET],produces=[application/json]}" onto public java.lang.String org.dimensinfin.eveonline.neocom.controller.LocationController.updateOutposts()
2017-10-03 19:27:10.049  INFO 25972 --- [           main] s.w.s.m.m.a.RequestMappingHandlerMapping : Mapped "{[/api/v1/loginlist],methods=[GET],produces=[application/json]}" onto public java.util.Hashtable<java.lang.String, org.dimensinfin.eveonline.neocom.model.Login> org.dimensinfin.eveonline.neocom.controller.LoginController.loginlistEntryPoint(java.lang.String)
2017-10-03 19:27:10.054  INFO 25972 --- [           main] s.w.s.m.m.a.RequestMappingHandlerMapping : Mapped "{[/api/v1/login/{login}/pilot/{identifier}/pilotmanagers],methods=[GET],produces=[application/json]}" onto public java.util.Vector<org.dimensinfin.eveonline.neocom.manager.AbstractManager> org.dimensinfin.eveonline.neocom.controller.PilotDataController.pilotManagers(java.lang.String,java.lang.String)
2017-10-03 19:27:10.056  INFO 25972 --- [           main] s.w.s.m.m.a.RequestMappingHandlerMapping : Mapped "{[/api/v1/login/{login}/pilot/{identifier}],methods=[GET],produces=[application/json]}" onto public org.dimensinfin.eveonline.neocom.model.NeoComCharacter org.dimensinfin.eveonline.neocom.controller.PilotDataController.pilotDetailed(java.lang.String,java.lang.String)
2017-10-03 19:27:10.061  INFO 25972 --- [           main] s.w.s.m.m.a.RequestMappingHandlerMapping : Mapped "{[/api/v1/login/{login}/pilot/{identifier}/planetarymanager],methods=[GET],produces=[application/json]}" onto public org.dimensinfin.eveonline.neocom.manager.AbstractManager org.dimensinfin.eveonline.neocom.controller.PilotDataController.pilotPlanetaryManager(java.lang.String,java.lang.String)
2017-10-03 19:27:10.063  INFO 25972 --- [           main] s.w.s.m.m.a.RequestMappingHandlerMapping : Mapped "{[/api/v1/login/{login}/pilot/{identifier}/planetarymanager/location/{locationid}/optimizeprocess],methods=[GET],produces=[application/json]}" onto public java.util.Vector<org.dimensinfin.eveonline.neocom.planetary.ProcessingAction> org.dimensinfin.eveonline.neocom.controller.PlanetaryManagerController.planetaryLocationOptimization(java.lang.String,java.lang.String,java.lang.String)
2017-10-03 19:27:10.069  INFO 25972 --- [           main] s.w.s.m.m.a.RequestMappingHandlerMapping : Mapped "{[/error]}" onto public org.springframework.http.ResponseEntity<java.util.Map<java.lang.String, java.lang.Object>> org.springframework.boot.autoconfigure.web.BasicErrorController.error(javax.servlet.http.HttpServletRequest)
2017-10-03 19:27:10.072  INFO 25972 --- [           main] s.w.s.m.m.a.RequestMappingHandlerMapping : Mapped "{[/error],produces=[text/html]}" onto public org.springframework.web.servlet.ModelAndView org.springframework.boot.autoconfigure.web.BasicErrorController.errorHtml(javax.servlet.http.HttpServletRequest,javax.servlet.http.HttpServletResponse)
2017-10-03 19:27:10.382  INFO 25972 --- [           main] o.s.w.s.handler.SimpleUrlHandlerMapping  : Mapped URL path [/webjars/**] onto handler of type [class org.springframework.web.servlet.resource.ResourceHttpRequestHandler]
2017-10-03 19:27:10.382  INFO 25972 --- [           main] o.s.w.s.handler.SimpleUrlHandlerMapping  : Mapped URL path [/**] onto handler of type [class org.springframework.web.servlet.resource.ResourceHttpRequestHandler]
2017-10-03 19:27:10.559  INFO 25972 --- [           main] o.s.w.s.handler.SimpleUrlHandlerMapping  : Mapped URL path [/**/favicon.ico] onto handler of type [class org.springframework.web.servlet.resource.ResourceHttpRequestHandler]
2017-10-03 19:27:13.384  INFO 25972 --- [           main] o.s.b.a.e.mvc.EndpointHandlerMapping     : Mapped "{[/features || /features.json],methods=[GET],produces=[application/json]}" onto public java.lang.Object org.springframework.boot.actuate.endpoint.mvc.EndpointMvcAdapter.invoke()
2017-10-03 19:27:13.410  INFO 25972 --- [           main] o.s.b.a.e.mvc.EndpointHandlerMapping     : Mapped "{[/env/{name:.*}],methods=[GET],produces=[application/json]}" onto public java.lang.Object org.springframework.boot.actuate.endpoint.mvc.EnvironmentMvcEndpoint.value(java.lang.String)
2017-10-03 19:27:13.412  INFO 25972 --- [           main] o.s.b.a.e.mvc.EndpointHandlerMapping     : Mapped "{[/env || /env.json],methods=[GET],produces=[application/json]}" onto public java.lang.Object org.springframework.boot.actuate.endpoint.mvc.EndpointMvcAdapter.invoke()
2017-10-03 19:27:13.413  INFO 25972 --- [           main] o.s.b.a.e.mvc.EndpointHandlerMapping     : Mapped "{[/refresh || /refresh.json],methods=[POST]}" onto public java.lang.Object org.springframework.cloud.endpoint.GenericPostableMvcEndpoint.invoke()
2017-10-03 19:27:13.414  INFO 25972 --- [           main] o.s.b.a.e.mvc.EndpointHandlerMapping     : Mapped "{[/trace || /trace.json],methods=[GET],produces=[application/json]}" onto public java.lang.Object org.springframework.boot.actuate.endpoint.mvc.EndpointMvcAdapter.invoke()
2017-10-03 19:27:13.415  INFO 25972 --- [           main] o.s.b.a.e.mvc.EndpointHandlerMapping     : Mapped "{[/hystrix.stream/**]}" onto public org.springframework.web.servlet.ModelAndView org.springframework.cloud.netflix.endpoint.ServletWrappingEndpoint.handle(javax.servlet.http.HttpServletRequest,javax.servlet.http.HttpServletResponse) throws java.lang.Exception
2017-10-03 19:27:13.416  INFO 25972 --- [           main] o.s.b.a.e.mvc.EndpointHandlerMapping     : Mapped "{[/env],methods=[POST]}" onto public java.lang.Object org.springframework.cloud.context.environment.EnvironmentManagerMvcEndpoint.value(java.util.Map<java.lang.String, java.lang.String>)
2017-10-03 19:27:13.417  INFO 25972 --- [           main] o.s.b.a.e.mvc.EndpointHandlerMapping     : Mapped "{[/env/reset],methods=[POST]}" onto public java.util.Map<java.lang.String, java.lang.Object> org.springframework.cloud.context.environment.EnvironmentManagerMvcEndpoint.reset()
2017-10-03 19:27:13.418  INFO 25972 --- [           main] o.s.b.a.e.mvc.EndpointHandlerMapping     : Mapped "{[/archaius || /archaius.json],methods=[GET],produces=[application/json]}" onto public java.lang.Object org.springframework.boot.actuate.endpoint.mvc.EndpointMvcAdapter.invoke()
2017-10-03 19:27:13.419  INFO 25972 --- [           main] o.s.b.a.e.mvc.EndpointHandlerMapping     : Mapped "{[/info || /info.json],methods=[GET],produces=[application/json]}" onto public java.lang.Object org.springframework.boot.actuate.endpoint.mvc.EndpointMvcAdapter.invoke()
2017-10-03 19:27:13.420  INFO 25972 --- [           main] o.s.b.a.e.mvc.EndpointHandlerMapping     : Mapped "{[/health || /health.json],produces=[application/json]}" onto public java.lang.Object org.springframework.boot.actuate.endpoint.mvc.HealthMvcEndpoint.invoke(java.security.Principal)
2017-10-03 19:27:13.422  INFO 25972 --- [           main] o.s.b.a.e.mvc.EndpointHandlerMapping     : Mapped "{[/restart || /restart.json],methods=[POST]}" onto public java.lang.Object org.springframework.cloud.context.restart.RestartMvcEndpoint.invoke()
2017-10-03 19:27:13.422  INFO 25972 --- [           main] o.s.b.a.e.mvc.EndpointHandlerMapping     : Mapped "{[/resume || /resume.json],methods=[POST]}" onto public java.lang.Object org.springframework.cloud.endpoint.GenericPostableMvcEndpoint.invoke()
2017-10-03 19:27:13.423  INFO 25972 --- [           main] o.s.b.a.e.mvc.EndpointHandlerMapping     : Mapped "{[/configprops || /configprops.json],methods=[GET],produces=[application/json]}" onto public java.lang.Object org.springframework.boot.actuate.endpoint.mvc.EndpointMvcAdapter.invoke()
2017-10-03 19:27:13.424  INFO 25972 --- [           main] o.s.b.a.e.mvc.EndpointHandlerMapping     : Mapped "{[/beans || /beans.json],methods=[GET],produces=[application/json]}" onto public java.lang.Object org.springframework.boot.actuate.endpoint.mvc.EndpointMvcAdapter.invoke()
2017-10-03 19:27:13.425  INFO 25972 --- [           main] o.s.b.a.e.mvc.EndpointHandlerMapping     : Mapped "{[/pause || /pause.json],methods=[POST]}" onto public java.lang.Object org.springframework.cloud.endpoint.GenericPostableMvcEndpoint.invoke()
2017-10-03 19:27:13.426  INFO 25972 --- [           main] o.s.b.a.e.mvc.EndpointHandlerMapping     : Mapped "{[/dump || /dump.json],methods=[GET],produces=[application/json]}" onto public java.lang.Object org.springframework.boot.actuate.endpoint.mvc.EndpointMvcAdapter.invoke()
2017-10-03 19:27:13.427  INFO 25972 --- [           main] o.s.b.a.e.mvc.EndpointHandlerMapping     : Mapped "{[/metrics/{name:.*}],methods=[GET],produces=[application/json]}" onto public java.lang.Object org.springframework.boot.actuate.endpoint.mvc.MetricsMvcEndpoint.value(java.lang.String)
2017-10-03 19:27:13.427  INFO 25972 --- [           main] o.s.b.a.e.mvc.EndpointHandlerMapping     : Mapped "{[/metrics || /metrics.json],methods=[GET],produces=[application/json]}" onto public java.lang.Object org.springframework.boot.actuate.endpoint.mvc.EndpointMvcAdapter.invoke()
2017-10-03 19:27:13.428  INFO 25972 --- [           main] o.s.b.a.e.mvc.EndpointHandlerMapping     : Mapped "{[/mappings || /mappings.json],methods=[GET],produces=[application/json]}" onto public java.lang.Object org.springframework.boot.actuate.endpoint.mvc.EndpointMvcAdapter.invoke()
2017-10-03 19:27:13.429  INFO 25972 --- [           main] o.s.b.a.e.mvc.EndpointHandlerMapping     : Mapped "{[/autoconfig || /autoconfig.json],methods=[GET],produces=[application/json]}" onto public java.lang.Object org.springframework.boot.actuate.endpoint.mvc.EndpointMvcAdapter.invoke()
2017-10-03 19:27:14.187  WARN 25972 --- [           main] o.s.c.n.a.ArchaiusAutoConfiguration      : No spring.application.name found, defaulting to 'application'
2017-10-03 19:27:14.188  WARN 25972 --- [           main] c.n.c.sources.URLConfigurationSource     : No URLs will be polled as dynamic configuration sources.
2017-10-03 19:27:14.188  INFO 25972 --- [           main] c.n.c.sources.URLConfigurationSource     : To enable URLs as dynamic configuration sources, define System property archaius.configurationSource.additionalUrls or make config.properties available on classpath.
2017-10-03 19:27:14.437  INFO 25972 --- [           main] o.s.j.e.a.AnnotationMBeanExporter        : Registering beans for JMX exposure on startup
2017-10-03 19:27:14.454  INFO 25972 --- [           main] o.s.j.e.a.AnnotationMBeanExporter        : Bean with name 'refreshScope' has been autodetected for JMX exposure
2017-10-03 19:27:14.455  INFO 25972 --- [           main] o.s.j.e.a.AnnotationMBeanExporter        : Bean with name 'environmentManager' has been autodetected for JMX exposure
2017-10-03 19:27:14.458  INFO 25972 --- [           main] o.s.j.e.a.AnnotationMBeanExporter        : Bean with name 'configurationPropertiesRebinder' has been autodetected for JMX exposure
2017-10-03 19:27:14.459  INFO 25972 --- [           main] o.s.j.e.a.AnnotationMBeanExporter        : Bean with name 'refreshEndpoint' has been autodetected for JMX exposure
2017-10-03 19:27:14.460  INFO 25972 --- [           main] o.s.j.e.a.AnnotationMBeanExporter        : Bean with name 'restartEndpoint' has been autodetected for JMX exposure
2017-10-03 19:27:14.465  INFO 25972 --- [           main] o.s.j.e.a.AnnotationMBeanExporter        : Located managed bean 'environmentManager': registering with JMX server as MBean [org.springframework.cloud.context.environment:name=environmentManager,type=EnvironmentManager]
2017-10-03 19:27:14.509  INFO 25972 --- [           main] o.s.j.e.a.AnnotationMBeanExporter        : Located managed bean 'restartEndpoint': registering with JMX server as MBean [org.springframework.cloud.context.restart:name=restartEndpoint,type=RestartEndpoint]
2017-10-03 19:27:14.572  INFO 25972 --- [           main] o.s.j.e.a.AnnotationMBeanExporter        : Located managed bean 'refreshScope': registering with JMX server as MBean [org.springframework.cloud.context.scope.refresh:name=refreshScope,type=RefreshScope]
2017-10-03 19:27:14.646  INFO 25972 --- [           main] o.s.j.e.a.AnnotationMBeanExporter        : Located managed bean 'configurationPropertiesRebinder': registering with JMX server as MBean [org.springframework.cloud.context.properties:name=configurationPropertiesRebinder,context=3e6f3f28,type=ConfigurationPropertiesRebinder]
2017-10-03 19:27:14.665  INFO 25972 --- [           main] o.s.j.e.a.AnnotationMBeanExporter        : Located managed bean 'refreshEndpoint': registering with JMX server as MBean [org.springframework.cloud.endpoint:name=refreshEndpoint,type=RefreshEndpoint]
2017-10-03 19:27:15.004  INFO 25972 --- [           main] o.s.c.support.DefaultLifecycleProcessor  : Starting beans in phase 0
2017-10-03 19:27:15.091  INFO 25972 --- [           main] o.s.c.support.DefaultLifecycleProcessor  : Starting beans in phase 2147483647
2017-10-03 19:27:15.102  INFO 25972 --- [           main] ration$HystrixMetricsPollerConfiguration : Starting poller
2017-10-03 19:27:15.315  INFO 25972 --- [           main] s.b.c.e.t.TomcatEmbeddedServletContainer : Tomcat started on port(s): 9000 (http)
2017-10-03 19:27:15.321  INFO 25972 --- [           main] o.d.e.n.NeocomMicroServiceApplication    : Started NeocomMicroServiceApplication in 21.208 seconds (JVM running for 23.423)
2017-10-03 19:27:16.283  INFO 25972 --- [nio-9000-exec-1] o.a.c.c.C.[Tomcat].[localhost].[/]       : Initializing Spring FrameworkServlet 'dispatcherServlet'
2017-10-03 19:27:16.283  INFO 25972 --- [nio-9000-exec-1] o.s.web.servlet.DispatcherServlet        : FrameworkServlet 'dispatcherServlet': initialization started
2017-10-03 19:27:16.329  INFO 25972 --- [nio-9000-exec-1] o.s.web.servlet.DispatcherServlet        : FrameworkServlet 'dispatcherServlet': initialization completed in 46 ms
2017-10-03 19:27:16.496  INFO 25972 --- [nio-9000-exec-1] PilotRoasterController                   : >>>>>>>>>>>>>>>>>>>>NEW REQUEST: /api/v1/login/{Beth Ripley}/pilot/{92223647}/planetarymanager
2017-10-03 19:27:16.496  INFO 25972 --- [nio-9000-exec-1] PilotRoasterController                   : >> [PilotRoasterController.pilotPlanetaryManager]
2017-10-03 19:27:16.499  INFO 25972 --- [nio-9000-exec-1] AppModelStore                            : >> [AppModelStore.initialize]
2017-10-03 19:27:16.499  INFO 25972 --- [nio-9000-exec-1] AppModelStore                            : << [AppModelStore.initialize]
2017-10-03 19:27:16.499  INFO 25972 --- [nio-9000-exec-1] AppModelStore                            : >< [AppModelStore.activateLoginIdentifier] loginTarget: Beth Ripley
2017-10-03 19:27:16.577 ERROR 25972 --- [nio-9000-exec-1] com.j256.ormlite.db.SqliteDatabaseType   : WARNING: you seem to not be using the Xerial SQLite driver.  See ORMLite docs on SQLite: http://ormlite.com/docs/sqlite
2017-10-03 19:27:16.583  INFO 25972 --- [nio-9000-exec-1] NeocomDBHelper                           : --[NeocomDBHelper.openNeocomDB]> Opened database jdbc:sqlite:src/main/resources/neocomdata.db successfully with version 20.
2017-10-03 19:27:16.663  INFO 25972 --- [nio-9000-exec-1] com.j256.ormlite.table.TableUtils        : creating table 'Version'
2017-10-03 19:27:16.956  INFO 25972 --- [nio-9000-exec-1] com.j256.ormlite.table.TableUtils        : executed create table statement changed 0 rows: CREATE TABLE IF NOT EXISTS `Version` (`versionNumber` INTEGER , PRIMARY KEY (`versionNumber`) ) 
2017-10-03 19:27:16.958  INFO 25972 --- [nio-9000-exec-1] com.j256.ormlite.table.TableUtils        : creating table 'TimeStamp'
2017-10-03 19:27:16.959  INFO 25972 --- [nio-9000-exec-1] com.j256.ormlite.table.TableUtils        : executed create table statement changed 0 rows: CREATE TABLE IF NOT EXISTS `TimeStamp` (`reference` VARCHAR , `timeStamp` BIGINT , `dateTimeUserReference` VARCHAR , PRIMARY KEY (`reference`) ) 
2017-10-03 19:27:16.961  INFO 25972 --- [nio-9000-exec-1] com.j256.ormlite.table.TableUtils        : creating table 'ApiKey'
2017-10-03 19:27:16.961  INFO 25972 --- [nio-9000-exec-1] com.j256.ormlite.table.TableUtils        : executed create table statement changed 0 rows: CREATE TABLE IF NOT EXISTS `ApiKey` (`id` INTEGER PRIMARY KEY AUTOINCREMENT , `login` VARCHAR , `keynumber` INTEGER , `validationcode` VARCHAR , `active` BOOLEAN ) 
2017-10-03 19:27:16.963  INFO 25972 --- [nio-9000-exec-1] com.j256.ormlite.table.TableUtils        : creating table 'Properties'
2017-10-03 19:27:16.963  INFO 25972 --- [nio-9000-exec-1] com.j256.ormlite.table.TableUtils        : creating index 'Properties_id_idx' for table 'Properties
2017-10-03 19:27:16.963  INFO 25972 --- [nio-9000-exec-1] com.j256.ormlite.table.TableUtils        : executed create table statement changed 0 rows: CREATE TABLE IF NOT EXISTS `Properties` (`id` INTEGER PRIMARY KEY AUTOINCREMENT , `propertyType` VARCHAR , `stringValue` VARCHAR , `numericValue` DOUBLE PRECISION , `ownerID` BIGINT ) 
2017-10-03 19:27:16.964  INFO 25972 --- [nio-9000-exec-1] com.j256.ormlite.table.TableUtils        : executed create table statement changed 0 rows: CREATE INDEX IF NOT EXISTS `Properties_id_idx` ON `Properties` ( `id` )
2017-10-03 19:27:16.965  INFO 25972 --- [nio-9000-exec-1] com.j256.ormlite.table.TableUtils        : creating table 'ResourceList'
2017-10-03 19:27:16.965  INFO 25972 --- [nio-9000-exec-1] com.j256.ormlite.table.TableUtils        : executed create table statement changed 0 rows: CREATE TABLE IF NOT EXISTS `ResourceList` (`id` INTEGER PRIMARY KEY AUTOINCREMENT , `name` VARCHAR ) 
2017-10-03 19:27:16.967  INFO 25972 --- [nio-9000-exec-1] com.j256.ormlite.table.TableUtils        : creating table 'PlanetaryResource'
2017-10-03 19:27:16.967  INFO 25972 --- [nio-9000-exec-1] com.j256.ormlite.table.TableUtils        : executed create table statement changed 0 rows: CREATE TABLE IF NOT EXISTS `PlanetaryResource` (`id` INTEGER PRIMARY KEY AUTOINCREMENT , `typeid` INTEGER , `quantity` DOUBLE PRECISION , `name` VARCHAR , `ownerList_id` INTEGER ) 
2017-10-03 19:27:16.976  INFO 25972 --- [nio-9000-exec-1] com.j256.ormlite.table.TableUtils        : creating table 'Assets'
2017-10-03 19:27:16.976  INFO 25972 --- [nio-9000-exec-1] com.j256.ormlite.table.TableUtils        : creating index 'Assets_locationID_idx' for table 'Assets
2017-10-03 19:27:16.976  INFO 25972 --- [nio-9000-exec-1] com.j256.ormlite.table.TableUtils        : creating index 'Assets_groupName_idx' for table 'Assets
2017-10-03 19:27:16.976  INFO 25972 --- [nio-9000-exec-1] com.j256.ormlite.table.TableUtils        : creating index 'Assets_typeID_idx' for table 'Assets
2017-10-03 19:27:16.976  INFO 25972 --- [nio-9000-exec-1] com.j256.ormlite.table.TableUtils        : creating index 'Assets_category_idx' for table 'Assets
2017-10-03 19:27:16.976  INFO 25972 --- [nio-9000-exec-1] com.j256.ormlite.table.TableUtils        : creating index 'Assets_assetID_idx' for table 'Assets
2017-10-03 19:27:16.977  INFO 25972 --- [nio-9000-exec-1] com.j256.ormlite.table.TableUtils        : executed create table statement changed 0 rows: CREATE TABLE IF NOT EXISTS `Assets` (`id` INTEGER PRIMARY KEY AUTOINCREMENT , `assetID` BIGINT , `locationID` BIGINT , `typeID` INTEGER , `quantity` INTEGER , `flag` INTEGER , `singleton` BOOLEAN , `parentAssetID` BIGINT , `ownerID` BIGINT , `name` VARCHAR , `category` VARCHAR , `groupName` VARCHAR , `tech` VARCHAR , `blueprintFlag` BOOLEAN , `userLabel` VARCHAR , `shipFlag` BOOLEAN , `containerFlag` BOOLEAN , `iskValue` DOUBLE PRECISION ) 
2017-10-03 19:27:16.977  INFO 25972 --- [nio-9000-exec-1] com.j256.ormlite.table.TableUtils        : executed create table statement changed 0 rows: CREATE INDEX IF NOT EXISTS `Assets_locationID_idx` ON `Assets` ( `locationID` )
2017-10-03 19:27:16.977  INFO 25972 --- [nio-9000-exec-1] com.j256.ormlite.table.TableUtils        : executed create table statement changed 0 rows: CREATE INDEX IF NOT EXISTS `Assets_groupName_idx` ON `Assets` ( `groupName` )
2017-10-03 19:27:16.978  INFO 25972 --- [nio-9000-exec-1] com.j256.ormlite.table.TableUtils        : executed create table statement changed 0 rows: CREATE INDEX IF NOT EXISTS `Assets_typeID_idx` ON `Assets` ( `typeID` )
2017-10-03 19:27:16.978  INFO 25972 --- [nio-9000-exec-1] com.j256.ormlite.table.TableUtils        : executed create table statement changed 0 rows: CREATE INDEX IF NOT EXISTS `Assets_category_idx` ON `Assets` ( `category` )
2017-10-03 19:27:16.978  INFO 25972 --- [nio-9000-exec-1] com.j256.ormlite.table.TableUtils        : executed create table statement changed 0 rows: CREATE INDEX IF NOT EXISTS `Assets_assetID_idx` ON `Assets` ( `assetID` )
2017-10-03 19:27:16.982  INFO 25972 --- [nio-9000-exec-1] com.j256.ormlite.table.TableUtils        : creating table 'Blueprints'
2017-10-03 19:27:16.982  INFO 25972 --- [nio-9000-exec-1] com.j256.ormlite.table.TableUtils        : creating index 'Blueprints_typeID_idx' for table 'Blueprints
2017-10-03 19:27:16.982  INFO 25972 --- [nio-9000-exec-1] com.j256.ormlite.table.TableUtils        : creating index 'Blueprints_containerID_idx' for table 'Blueprints
2017-10-03 19:27:16.983  INFO 25972 --- [nio-9000-exec-1] com.j256.ormlite.table.TableUtils        : creating index 'Blueprints_assetID_idx' for table 'Blueprints
2017-10-03 19:27:16.983  INFO 25972 --- [nio-9000-exec-1] com.j256.ormlite.table.TableUtils        : executed create table statement changed 0 rows: CREATE TABLE IF NOT EXISTS `Blueprints` (`id` INTEGER PRIMARY KEY AUTOINCREMENT , `assetID` BIGINT , `containerID` BIGINT , `typeID` INTEGER , `typeName` VARCHAR , `flag` INTEGER , `quantity` INTEGER , `timeEfficiency` INTEGER , `materialEfficiency` INTEGER , `runs` INTEGER , `ownerID` BIGINT , `bpo` BOOLEAN , `packaged` BOOLEAN , `tech` VARCHAR , `moduleTypeID` INTEGER , `stackIDRefences` VARCHAR , `manufactureIndex` INTEGER , `inventionIndex` INTEGER , `jobProductionCost` DOUBLE PRECISION , `manufacturableCount` INTEGER ) 
2017-10-03 19:27:16.983  INFO 25972 --- [nio-9000-exec-1] com.j256.ormlite.table.TableUtils        : executed create table statement changed 0 rows: CREATE INDEX IF NOT EXISTS `Blueprints_typeID_idx` ON `Blueprints` ( `typeID` )
2017-10-03 19:27:16.984  INFO 25972 --- [nio-9000-exec-1] com.j256.ormlite.table.TableUtils        : executed create table statement changed 0 rows: CREATE INDEX IF NOT EXISTS `Blueprints_containerID_idx` ON `Blueprints` ( `containerID` )
2017-10-03 19:27:16.985  INFO 25972 --- [nio-9000-exec-1] com.j256.ormlite.table.TableUtils        : executed create table statement changed 0 rows: CREATE INDEX IF NOT EXISTS `Blueprints_assetID_idx` ON `Blueprints` ( `assetID` )
2017-10-03 19:27:16.991  INFO 25972 --- [nio-9000-exec-1] com.j256.ormlite.table.TableUtils        : creating table 'Jobs'
2017-10-03 19:27:16.991  INFO 25972 --- [nio-9000-exec-1] com.j256.ormlite.table.TableUtils        : creating index 'Jobs_blueprintLocationID_idx' for table 'Jobs
2017-10-03 19:27:16.992  INFO 25972 --- [nio-9000-exec-1] com.j256.ormlite.table.TableUtils        : creating index 'Jobs_blueprintID_idx' for table 'Jobs
2017-10-03 19:27:16.992  INFO 25972 --- [nio-9000-exec-1] com.j256.ormlite.table.TableUtils        : executed create table statement changed 0 rows: CREATE TABLE IF NOT EXISTS `Jobs` (`jobID` BIGINT , `jobType` VARCHAR , `facilityID` BIGINT , `stationID` BIGINT , `activityID` INTEGER , `blueprintID` BIGINT , `blueprintTypeID` INTEGER , `blueprintLocationID` BIGINT , `runs` INTEGER , `cost` DOUBLE PRECISION , `licensedRuns` INTEGER , `productTypeID` INTEGER , `status` INTEGER , `timeInSeconds` INTEGER , `startDate` TIMESTAMP , `endDate` TIMESTAMP , `completedDate` TIMESTAMP , `completedCharacterID` BIGINT , `successfulRuns` INTEGER , `ownerID` BIGINT , PRIMARY KEY (`jobID`) ) 
2017-10-03 19:27:16.992  INFO 25972 --- [nio-9000-exec-1] com.j256.ormlite.table.TableUtils        : executed create table statement changed 0 rows: CREATE INDEX IF NOT EXISTS `Jobs_blueprintLocationID_idx` ON `Jobs` ( `blueprintLocationID` )
2017-10-03 19:27:16.993  INFO 25972 --- [nio-9000-exec-1] com.j256.ormlite.table.TableUtils        : executed create table statement changed 0 rows: CREATE INDEX IF NOT EXISTS `Jobs_blueprintID_idx` ON `Jobs` ( `blueprintID` )
2017-10-03 19:27:16.995  INFO 25972 --- [nio-9000-exec-1] com.j256.ormlite.table.TableUtils        : creating table 'MarketOrders'
2017-10-03 19:27:16.998  INFO 25972 --- [nio-9000-exec-1] com.j256.ormlite.table.TableUtils        : executed create table statement changed 0 rows: CREATE TABLE IF NOT EXISTS `MarketOrders` (`orderID` BIGINT , `ownerID` BIGINT , `stationID` BIGINT , `volEntered` INTEGER , `volRemaining` INTEGER , `minVolume` INTEGER , `orderState` INTEGER , `typeID` INTEGER , `range` INTEGER , `accountKey` INTEGER , `duration` INTEGER , `escrow` DOUBLE PRECISION , `price` DOUBLE PRECISION , `bid` BOOLEAN , `issuedDate` TIMESTAMP , PRIMARY KEY (`orderID`) ) 
2017-10-03 19:27:17.016  INFO 25972 --- [nio-9000-exec-1] com.j256.ormlite.table.TableUtils        : creating table 'Locations'
2017-10-03 19:27:17.017  INFO 25972 --- [nio-9000-exec-1] com.j256.ormlite.table.TableUtils        : creating index 'Locations_id_idx' for table 'Locations
2017-10-03 19:27:17.020  INFO 25972 --- [nio-9000-exec-1] com.j256.ormlite.table.TableUtils        : executed create table statement changed 0 rows: CREATE TABLE IF NOT EXISTS `Locations` (`id` BIGINT , `stationID` BIGINT , `station` VARCHAR , `systemID` BIGINT , `system` VARCHAR , `constellationID` BIGINT , `constellation` VARCHAR , `regionID` BIGINT , `region` VARCHAR , `security` VARCHAR , `typeID` INTEGER , PRIMARY KEY (`id`) ) 
2017-10-03 19:27:17.023  INFO 25972 --- [nio-9000-exec-1] com.j256.ormlite.table.TableUtils        : executed create table statement changed 0 rows: CREATE INDEX IF NOT EXISTS `Locations_id_idx` ON `Locations` ( `id` )
2017-10-03 19:27:17.047  INFO 25972 --- [nio-9000-exec-1] NeoComApiKey                             : -- [NeoComApiKey.build]> Creating key: 2889577/Mb6iDKR14m9Xjh9maGTQCGTkpjRHPjOgVUkvK6E9r6fhMtOWtipaqybp0qCzxuuw
2017-10-03 19:27:20.799  INFO 25972 --- [nio-9000-exec-1] Login                                    : -- [Login.addKey]> Adding Beth Ripley to the _characters
2017-10-03 19:27:20.799  INFO 25972 --- [nio-9000-exec-1] AppModelStore                            : >< [AppModelStore.activatePilot]Id: 92223647
2017-10-03 19:27:20.808  INFO 25972 --- [nio-9000-exec-1] PlanetaryManager                         : DD [PlanetaryManager.processElement]>>>>> Asset: NeoComAsset [#2270 - Noble Metals itemID:1024811329568 locationID:60014089 containerID:-1 ownerID:92223647 quantity:100000 ]

2017-10-03 19:27:20.808  INFO 25972 --- [nio-9000-exec-1] PlanetaryManager                         : DD [PlanetaryManager.processElement]>>>>> Pending assrts count: 18
2017-10-03 19:27:20.808  INFO 25972 --- [nio-9000-exec-1] PlanetaryManager                         : DD [PlanetaryManager.processElement]> Checking Location: 60014089
2017-10-03 19:27:20.809  INFO 25972 --- [nio-9000-exec-1] PlanetaryManager                         : DD [PlanetaryManager.processElement]> Adding asset to Location
2017-10-03 19:27:20.811  INFO 25972 --- [nio-9000-exec-1] CCPDatabaseConnector.java                : >< [CCPDatabaseConnector.searchLocationbyID]> Searching ID: 60014089
2017-10-03 19:27:20.842  INFO 25972 --- [nio-9000-exec-1] CCPDatabaseConnector.java                : -- [StringDatabaseConnector.openCCPDataBase]> Opened CCP database successfully.
2017-10-03 19:27:20.845  INFO 25972 --- [nio-9000-exec-1] CCPDatabaseConnector.java                : >< [CCPDatabaseConnector.searchLocationbyID]> [HIT-0/1] Location 60014089 found at CCP Database.
2017-10-03 19:27:20.847  INFO 25972 --- [nio-9000-exec-1] PlanetaryManager                         : DD [PlanetaryManager.processElement]>>>>> Asset: NeoComAsset [#3775 - Viral Agent itemID:1024031198282 locationID:60014089 containerID:-1 ownerID:92223647 quantity:5855 ]

2017-10-03 19:27:20.847  INFO 25972 --- [nio-9000-exec-1] PlanetaryManager                         : DD [PlanetaryManager.processElement]>>>>> Pending assrts count: 17
2017-10-03 19:27:20.847  INFO 25972 --- [nio-9000-exec-1] PlanetaryManager                         : DD [PlanetaryManager.processElement]> Checking Location: 60014089
2017-10-03 19:27:20.848  INFO 25972 --- [nio-9000-exec-1] PlanetaryManager                         : DD [PlanetaryManager.processElement]> Adding asset to Location
2017-10-03 19:27:20.848  INFO 25972 --- [nio-9000-exec-1] PlanetaryManager                         : DD [PlanetaryManager.processElement]>>>>> Asset: NeoComAsset [#2319 - Test Cultures itemID:1024820237701 locationID:60014089 containerID:-1 ownerID:92223647 quantity:2540 ]

2017-10-03 19:27:20.848  INFO 25972 --- [nio-9000-exec-1] PlanetaryManager                         : DD [PlanetaryManager.processElement]>>>>> Pending assrts count: 16
2017-10-03 19:27:20.848  INFO 25972 --- [nio-9000-exec-1] PlanetaryManager                         : DD [PlanetaryManager.processElement]> Checking Location: 60014089
2017-10-03 19:27:20.848  INFO 25972 --- [nio-9000-exec-1] PlanetaryManager                         : DD [PlanetaryManager.processElement]> Adding asset to Location
2017-10-03 19:27:20.848  INFO 25972 --- [nio-9000-exec-1] PlanetaryManager                         : DD [PlanetaryManager.processElement]>>>>> Asset: NeoComAsset [#2268 - Aqueous Liquids itemID:1024820237700 locationID:60014089 containerID:-1 ownerID:92223647 quantity:200000 ]

2017-10-03 19:27:20.848  INFO 25972 --- [nio-9000-exec-1] PlanetaryManager                         : DD [PlanetaryManager.processElement]>>>>> Pending assrts count: 15
2017-10-03 19:27:20.848  INFO 25972 --- [nio-9000-exec-1] PlanetaryManager                         : DD [PlanetaryManager.processElement]> Checking Location: 60014089
2017-10-03 19:27:20.849  INFO 25972 --- [nio-9000-exec-1] PlanetaryManager                         : DD [PlanetaryManager.processElement]> Adding asset to Location
2017-10-03 19:27:20.849  INFO 25972 --- [nio-9000-exec-1] PlanetaryManager                         : DD [PlanetaryManager.processElement]>>>>> Asset: NeoComAsset [#9842 - Miniature Electronics itemID:1024334597836 locationID:60014089 containerID:-1 ownerID:92223647 quantity:11015 ]

2017-10-03 19:27:20.849  INFO 25972 --- [nio-9000-exec-1] PlanetaryManager                         : DD [PlanetaryManager.processElement]>>>>> Pending assrts count: 14
2017-10-03 19:27:20.849  INFO 25972 --- [nio-9000-exec-1] PlanetaryManager                         : DD [PlanetaryManager.processElement]> Checking Location: 60014089
2017-10-03 19:27:20.850  INFO 25972 --- [nio-9000-exec-1] PlanetaryManager                         : DD [PlanetaryManager.processElement]> Adding asset to Location
2017-10-03 19:27:20.850  INFO 25972 --- [nio-9000-exec-1] PlanetaryManager                         : DD [PlanetaryManager.processElement]>>>>> Asset: NeoComAsset [#2306 - Non-CS Crystals itemID:1023334420469 locationID:60003643 containerID:-1 ownerID:92223647 quantity:1 ]

2017-10-03 19:27:20.850  INFO 25972 --- [nio-9000-exec-1] PlanetaryManager                         : DD [PlanetaryManager.processElement]>>>>> Pending assrts count: 13
2017-10-03 19:27:20.850  INFO 25972 --- [nio-9000-exec-1] PlanetaryManager                         : DD [PlanetaryManager.processElement]> Checking Location: 60003643
2017-10-03 19:27:20.850  INFO 25972 --- [nio-9000-exec-1] PlanetaryManager                         : DD [PlanetaryManager.processElement]> Adding asset to Location
2017-10-03 19:27:20.850  INFO 25972 --- [nio-9000-exec-1] CCPDatabaseConnector.java                : >< [CCPDatabaseConnector.searchLocationbyID]> Searching ID: 60003643
2017-10-03 19:27:20.851  INFO 25972 --- [nio-9000-exec-1] CCPDatabaseConnector.java                : >< [CCPDatabaseConnector.searchLocationbyID]> [HIT-0/2] Location 60003643 found at CCP Database.
2017-10-03 19:27:20.851  INFO 25972 --- [nio-9000-exec-1] PlanetaryManager                         : DD [PlanetaryManager.processElement]>>>>> Asset: NeoComAsset [#2306 - Non-CS Crystals itemID:1024820217280 locationID:60014089 containerID:-1 ownerID:92223647 quantity:100000 ]

2017-10-03 19:27:20.851  INFO 25972 --- [nio-9000-exec-1] PlanetaryManager                         : DD [PlanetaryManager.processElement]>>>>> Pending assrts count: 12
2017-10-03 19:27:20.851  INFO 25972 --- [nio-9000-exec-1] PlanetaryManager                         : DD [PlanetaryManager.processElement]> Checking Location: 60014089
2017-10-03 19:27:20.853  INFO 25972 --- [nio-9000-exec-1] PlanetaryManager                         : DD [PlanetaryManager.processElement]> Adding asset to Location
2017-10-03 19:27:20.853  INFO 25972 --- [nio-9000-exec-1] PlanetaryManager                         : DD [PlanetaryManager.processElement]>>>>> Asset: NeoComAsset [#3691 - Synthetic Oil itemID:1024031194707 locationID:60014089 containerID:-1 ownerID:92223647 quantity:7680 ]

2017-10-03 19:27:20.853  INFO 25972 --- [nio-9000-exec-1] PlanetaryManager                         : DD [PlanetaryManager.processElement]>>>>> Pending assrts count: 11
2017-10-03 19:27:20.853  INFO 25972 --- [nio-9000-exec-1] PlanetaryManager                         : DD [PlanetaryManager.processElement]> Checking Location: 60014089
2017-10-03 19:27:20.854  INFO 25972 --- [nio-9000-exec-1] PlanetaryManager                         : DD [PlanetaryManager.processElement]> Adding asset to Location
2017-10-03 19:27:20.854  INFO 25972 --- [nio-9000-exec-1] PlanetaryManager                         : DD [PlanetaryManager.processElement]>>>>> Asset: NeoComAsset [#9840 - Transmitter itemID:1024031190330 locationID:60014089 containerID:-1 ownerID:92223647 quantity:8215 ]

2017-10-03 19:27:20.854  INFO 25972 --- [nio-9000-exec-1] PlanetaryManager                         : DD [PlanetaryManager.processElement]>>>>> Pending assrts count: 10
2017-10-03 19:27:20.854  INFO 25972 --- [nio-9000-exec-1] PlanetaryManager                         : DD [PlanetaryManager.processElement]> Checking Location: 60014089
2017-10-03 19:27:20.855  INFO 25972 --- [nio-9000-exec-1] PlanetaryManager                         : DD [PlanetaryManager.processElement]> Adding asset to Location
2017-10-03 19:27:20.855  INFO 25972 --- [nio-9000-exec-1] PlanetaryManager                         : DD [PlanetaryManager.processElement]>>>>> Asset: NeoComAsset [#2389 - Plasmoids itemID:1024406061063 locationID:-2 containerID:1024674208617 ownerID:92223647 quantity:14182 ]

2017-10-03 19:27:20.855  INFO 25972 --- [nio-9000-exec-1] PlanetaryManager                         : DD [PlanetaryManager.processElement]>>>>> Pending assrts count: 9
2017-10-03 19:27:20.855  INFO 25972 --- [nio-9000-exec-1] PlanetaryManager                         : DD [PlanetaryManager.processElement]> Detected parent
2017-10-03 19:27:20.856  INFO 25972 --- [nio-9000-exec-1] PlanetaryManager                         : DD [PlanetaryManager.processElement]> Parent: NeoComAsset [#17366 - Station Container [00-Classify] itemID:1024674208617 locationID:60008494 containerID:-1 ownerID:92223647 quantity:1 ]

2017-10-03 19:27:20.856  INFO 25972 --- [nio-9000-exec-1] PlanetaryManager                         : DD [PlanetaryManager.processElement]>>>>> Asset: NeoComAsset [#17366 - Station Container [00-Classify] itemID:1024674208617 locationID:60008494 containerID:-1 ownerID:92223647 quantity:1 ]

2017-10-03 19:27:20.856  INFO 25972 --- [nio-9000-exec-1] PlanetaryManager                         : DD [PlanetaryManager.processElement]>>>>> Pending assrts count: 8
2017-10-03 19:27:20.856  INFO 25972 --- [nio-9000-exec-1] PlanetaryManager                         : DD [PlanetaryManager.processElement]> Detected container
2017-10-03 19:27:20.858  INFO 25972 --- [nio-9000-exec-1] PlanetaryManager                         : DD [PlanetaryManager.processElement]> Container added to Location
2017-10-03 19:27:20.858  INFO 25972 --- [nio-9000-exec-1] CCPDatabaseConnector.java                : >< [CCPDatabaseConnector.searchLocationbyID]> Searching ID: 60008494
2017-10-03 19:27:20.859  INFO 25972 --- [nio-9000-exec-1] CCPDatabaseConnector.java                : >< [CCPDatabaseConnector.searchLocationbyID]> [HIT-0/3] Location 60008494 found at CCP Database.
2017-10-03 19:27:20.859  INFO 25972 --- [nio-9000-exec-1] PlanetaryManager                         : DD [PlanetaryManager.processElement]<<<<< Completed processing: 1024674208617
2017-10-03 19:27:20.859  INFO 25972 --- [nio-9000-exec-1] PlanetaryManager                         : DD [PlanetaryManager.processElement]> Added asset: 1024406061063 to Container: 1024674208617
2017-10-03 19:27:20.859  INFO 25972 --- [nio-9000-exec-1] PlanetaryManager                         : DD [PlanetaryManager.processElement]<<<<< Completed processing: 1024406061063
2017-10-03 19:27:20.859  INFO 25972 --- [nio-9000-exec-1] PlanetaryManager                         : DD [PlanetaryManager.processElement]>>>>> Asset: NeoComAsset [#2463 - Nanites itemID:1024031186364 locationID:60014089 containerID:-1 ownerID:92223647 quantity:8265 ]

2017-10-03 19:27:20.860  INFO 25972 --- [nio-9000-exec-1] PlanetaryManager                         : DD [PlanetaryManager.processElement]>>>>> Pending assrts count: 8
2017-10-03 19:27:20.860  INFO 25972 --- [nio-9000-exec-1] PlanetaryManager                         : DD [PlanetaryManager.processElement]> Checking Location: 60014089
2017-10-03 19:27:20.860  INFO 25972 --- [nio-9000-exec-1] PlanetaryManager                         : DD [PlanetaryManager.processElement]> Adding asset to Location
2017-10-03 19:27:20.860  INFO 25972 --- [nio-9000-exec-1] PlanetaryManager                         : DD [PlanetaryManager.processElement]>>>>> Asset: NeoComAsset [#9832 - Coolant itemID:1024334599543 locationID:60014089 containerID:-1 ownerID:92223647 quantity:10835 ]

2017-10-03 19:27:20.860  INFO 25972 --- [nio-9000-exec-1] PlanetaryManager                         : DD [PlanetaryManager.processElement]>>>>> Pending assrts count: 7
2017-10-03 19:27:20.860  INFO 25972 --- [nio-9000-exec-1] PlanetaryManager                         : DD [PlanetaryManager.processElement]> Checking Location: 60014089
2017-10-03 19:27:20.861  INFO 25972 --- [nio-9000-exec-1] PlanetaryManager                         : DD [PlanetaryManager.processElement]> Adding asset to Location
2017-10-03 19:27:20.861  INFO 25972 --- [nio-9000-exec-1] PlanetaryManager                         : DD [PlanetaryManager.processElement]>>>>> Asset: NeoComAsset [#2268 - Aqueous Liquids itemID:1022482691766 locationID:60012928 containerID:-1 ownerID:92223647 quantity:1069226 ]

2017-10-03 19:27:20.861  INFO 25972 --- [nio-9000-exec-1] PlanetaryManager                         : DD [PlanetaryManager.processElement]>>>>> Pending assrts count: 6
2017-10-03 19:27:20.861  INFO 25972 --- [nio-9000-exec-1] PlanetaryManager                         : DD [PlanetaryManager.processElement]> Checking Location: 60012928
2017-10-03 19:27:20.862  INFO 25972 --- [nio-9000-exec-1] PlanetaryManager                         : DD [PlanetaryManager.processElement]> Adding asset to Location
2017-10-03 19:27:20.862  INFO 25972 --- [nio-9000-exec-1] CCPDatabaseConnector.java                : >< [CCPDatabaseConnector.searchLocationbyID]> Searching ID: 60012928
2017-10-03 19:27:20.863  INFO 25972 --- [nio-9000-exec-1] CCPDatabaseConnector.java                : >< [CCPDatabaseConnector.searchLocationbyID]> [HIT-0/4] Location 60012928 found at CCP Database.
2017-10-03 19:27:20.863  INFO 25972 --- [nio-9000-exec-1] PlanetaryManager                         : DD [PlanetaryManager.processElement]>>>>> Asset: NeoComAsset [#2309 - Ionic Solutions itemID:1022482691769 locationID:60012928 containerID:-1 ownerID:92223647 quantity:381205 ]

2017-10-03 19:27:20.863  INFO 25972 --- [nio-9000-exec-1] PlanetaryManager                         : DD [PlanetaryManager.processElement]>>>>> Pending assrts count: 5
2017-10-03 19:27:20.863  INFO 25972 --- [nio-9000-exec-1] PlanetaryManager                         : DD [PlanetaryManager.processElement]> Checking Location: 60012928
2017-10-03 19:27:20.865  INFO 25972 --- [nio-9000-exec-1] PlanetaryManager                         : DD [PlanetaryManager.processElement]> Adding asset to Location
2017-10-03 19:27:20.865  INFO 25972 --- [nio-9000-exec-1] PlanetaryManager                         : DD [PlanetaryManager.processElement]>>>>> Asset: NeoComAsset [#9838 - Superconductors itemID:1024406061064 locationID:-2 containerID:1024674208617 ownerID:92223647 quantity:2570 ]

2017-10-03 19:27:20.865  INFO 25972 --- [nio-9000-exec-1] PlanetaryManager                         : DD [PlanetaryManager.processElement]>>>>> Pending assrts count: 4
2017-10-03 19:27:20.865  INFO 25972 --- [nio-9000-exec-1] PlanetaryManager                         : DD [PlanetaryManager.processElement]> Detected parent
2017-10-03 19:27:20.865  INFO 25972 --- [nio-9000-exec-1] PlanetaryManager                         : DD [PlanetaryManager.processElement]> Parent: NeoComAsset [#17366 - Station Container [00-Classify] itemID:1024674208617 locationID:60008494 containerID:-1 ownerID:92223647 quantity:1 ]

2017-10-03 19:27:20.865  INFO 25972 --- [nio-9000-exec-1] PlanetaryManager                         : DD [PlanetaryManager.processElement]>>>>> Asset: NeoComAsset [#17366 - Station Container [00-Classify] itemID:1024674208617 locationID:60008494 containerID:-1 ownerID:92223647 quantity:1 ]

2017-10-03 19:27:20.866  INFO 25972 --- [nio-9000-exec-1] PlanetaryManager                         : DD [PlanetaryManager.processElement]>>>>> Pending assrts count: 3
2017-10-03 19:27:20.866  INFO 25972 --- [nio-9000-exec-1] PlanetaryManager                         : DD [PlanetaryManager.processElement]> Detected container
2017-10-03 19:27:20.866  INFO 25972 --- [nio-9000-exec-1] PlanetaryManager                         : DD [PlanetaryManager.processElement]> Container added to Location
2017-10-03 19:27:20.866  INFO 25972 --- [nio-9000-exec-1] PlanetaryManager                         : DD [PlanetaryManager.processElement]<<<<< Completed processing: 1024674208617
2017-10-03 19:27:20.866  INFO 25972 --- [nio-9000-exec-1] PlanetaryManager                         : DD [PlanetaryManager.processElement]> Added asset: 1024406061064 to Container: 1024674208617
2017-10-03 19:27:20.866  INFO 25972 --- [nio-9000-exec-1] PlanetaryManager                         : DD [PlanetaryManager.processElement]<<<<< Completed processing: 1024406061064
2017-10-03 19:27:20.866  INFO 25972 --- [nio-9000-exec-1] PlanetaryManager                         : DD [PlanetaryManager.processElement]>>>>> Asset: NeoComAsset [#2073 - Microorganisms itemID:1024284871583 locationID:60014089 containerID:-1 ownerID:92223647 quantity:300000 ]

2017-10-03 19:27:20.866  INFO 25972 --- [nio-9000-exec-1] PlanetaryManager                         : DD [PlanetaryManager.processElement]>>>>> Pending assrts count: 3
2017-10-03 19:27:20.867  INFO 25972 --- [nio-9000-exec-1] PlanetaryManager                         : DD [PlanetaryManager.processElement]> Checking Location: 60014089
2017-10-03 19:27:20.867  INFO 25972 --- [nio-9000-exec-1] PlanetaryManager                         : DD [PlanetaryManager.processElement]> Adding asset to Location
2017-10-03 19:27:20.868  INFO 25972 --- [nio-9000-exec-1] PlanetaryManager                         : DD [PlanetaryManager.processElement]>>>>> Asset: NeoComAsset [#2308 - Suspended Plasma itemID:1024284880268 locationID:60014089 containerID:-1 ownerID:92223647 quantity:214000 ]

2017-10-03 19:27:20.868  INFO 25972 --- [nio-9000-exec-1] PlanetaryManager                         : DD [PlanetaryManager.processElement]>>>>> Pending assrts count: 2
2017-10-03 19:27:20.868  INFO 25972 --- [nio-9000-exec-1] PlanetaryManager                         : DD [PlanetaryManager.processElement]> Checking Location: 60014089
2017-10-03 19:27:20.869  INFO 25972 --- [nio-9000-exec-1] PlanetaryManager                         : DD [PlanetaryManager.processElement]> Adding asset to Location
2017-10-03 19:27:20.869  INFO 25972 --- [nio-9000-exec-1] PlanetaryManager                         : DD [PlanetaryManager.processElement]>>>>> Asset: NeoComAsset [#3689 - Mechanical Parts itemID:1024334598625 locationID:60014089 containerID:-1 ownerID:92223647 quantity:10755 ]

2017-10-03 19:27:20.870  INFO 25972 --- [nio-9000-exec-1] PlanetaryManager                         : DD [PlanetaryManager.processElement]>>>>> Pending assrts count: 1
2017-10-03 19:27:20.870  INFO 25972 --- [nio-9000-exec-1] PlanetaryManager                         : DD [PlanetaryManager.processElement]> Checking Location: 60014089
2017-10-03 19:27:20.870  INFO 25972 --- [nio-9000-exec-1] PlanetaryManager                         : DD [PlanetaryManager.processElement]> Adding asset to Location
2017-10-03 19:27:20.870  INFO 25972 --- [nio-9000-exec-1] PlanetaryManager                         : -- [AssetsManager.accessAllAssets]> No more assets to process
2017-10-03 19:27:20.870  INFO 25972 --- [nio-9000-exec-1] PlanetaryManager                         : -- [AssetsManager.accessAllAssets]> Assets processed: 18
2017-10-03 19:27:20.870  INFO 25972 --- [nio-9000-exec-1] PilotRoasterController                   : << [PilotRoasterController.pilotPlanetaryManager]
2017-10-03 19:27:21.070  INFO 25972 --- [nio-9000-exec-1] CCPDatabaseConnector.java                : >< [CCPDatabaseConnector.searchLocationbyID]> Searching ID: -2
2017-10-03 19:27:21.072  INFO 25972 --- [nio-9000-exec-1] CCPDatabaseConnector.java                : -- [searchLocationbyID]> Location: -2 not found on any Database - UNKNOWN-.
2017-10-03 19:27:21.078  INFO 25972 --- [nio-9000-exec-1] CCPDatabaseConnector.java                : >< [CCPDatabaseConnector.searchLocationbyID]> Searching ID: 60008494
2017-10-03 19:27:21.078  INFO 25972 --- [nio-9000-exec-1] CCPDatabaseConnector.java                : >< [CCPDatabaseConnector.searchLocationbyID]> [HIT-1/6] Location 60008494 found at cache.
2017-10-03 19:27:21.078  INFO 25972 --- [nio-9000-exec-1] CCPDatabaseConnector.java                : >< [CCPDatabaseConnector.searchLocationbyID]> Searching ID: 60008494
2017-10-03 19:27:21.078  INFO 25972 --- [nio-9000-exec-1] CCPDatabaseConnector.java                : >< [CCPDatabaseConnector.searchLocationbyID]> [HIT-2/7] Location 60008494 found at cache.
2017-10-03 19:27:21.079  INFO 25972 --- [nio-9000-exec-1] CCPDatabaseConnector.java                : >< [CCPDatabaseConnector.searchLocationbyID]> Searching ID: -2
2017-10-03 19:27:21.080  INFO 25972 --- [nio-9000-exec-1] CCPDatabaseConnector.java                : -- [searchLocationbyID]> Location: -2 not found on any Database - UNKNOWN-.
2017-10-03 19:27:21.081  INFO 25972 --- [nio-9000-exec-1] CCPDatabaseConnector.java                : >< [CCPDatabaseConnector.searchLocationbyID]> Searching ID: 60008494
2017-10-03 19:27:21.081  INFO 25972 --- [nio-9000-exec-1] CCPDatabaseConnector.java                : >< [CCPDatabaseConnector.searchLocationbyID]> [HIT-3/9] Location 60008494 found at cache.
2017-10-03 19:27:21.086  INFO 25972 --- [nio-9000-exec-1] CCPDatabaseConnector.java                : >< [CCPDatabaseConnector.searchLocationbyID]> Searching ID: 60014089
2017-10-03 19:27:21.087  INFO 25972 --- [nio-9000-exec-1] CCPDatabaseConnector.java                : >< [CCPDatabaseConnector.searchLocationbyID]> [HIT-4/10] Location 60014089 found at cache.
2017-10-03 19:27:21.088  INFO 25972 --- [nio-9000-exec-1] CCPDatabaseConnector.java                : >< [CCPDatabaseConnector.searchLocationbyID]> Searching ID: 60014089
2017-10-03 19:27:21.088  INFO 25972 --- [nio-9000-exec-1] CCPDatabaseConnector.java                : >< [CCPDatabaseConnector.searchLocationbyID]> [HIT-5/11] Location 60014089 found at cache.
2017-10-03 19:27:21.089  INFO 25972 --- [nio-9000-exec-1] CCPDatabaseConnector.java                : >< [CCPDatabaseConnector.searchLocationbyID]> Searching ID: 60014089
2017-10-03 19:27:21.090  INFO 25972 --- [nio-9000-exec-1] CCPDatabaseConnector.java                : >< [CCPDatabaseConnector.searchLocationbyID]> [HIT-6/12] Location 60014089 found at cache.
2017-10-03 19:27:21.091  INFO 25972 --- [nio-9000-exec-1] CCPDatabaseConnector.java                : >< [CCPDatabaseConnector.searchLocationbyID]> Searching ID: 60014089
2017-10-03 19:27:21.091  INFO 25972 --- [nio-9000-exec-1] CCPDatabaseConnector.java                : >< [CCPDatabaseConnector.searchLocationbyID]> [HIT-7/13] Location 60014089 found at cache.
2017-10-03 19:27:21.091  INFO 25972 --- [nio-9000-exec-1] CCPDatabaseConnector.java                : >< [CCPDatabaseConnector.searchLocationbyID]> Searching ID: 60014089
2017-10-03 19:27:21.092  INFO 25972 --- [nio-9000-exec-1] CCPDatabaseConnector.java                : >< [CCPDatabaseConnector.searchLocationbyID]> [HIT-8/14] Location 60014089 found at cache.
2017-10-03 19:27:21.092  INFO 25972 --- [nio-9000-exec-1] CCPDatabaseConnector.java                : >< [CCPDatabaseConnector.searchLocationbyID]> Searching ID: 60014089
2017-10-03 19:27:21.093  INFO 25972 --- [nio-9000-exec-1] CCPDatabaseConnector.java                : >< [CCPDatabaseConnector.searchLocationbyID]> [HIT-9/15] Location 60014089 found at cache.
2017-10-03 19:27:21.093  INFO 25972 --- [nio-9000-exec-1] CCPDatabaseConnector.java                : >< [CCPDatabaseConnector.searchLocationbyID]> Searching ID: 60014089
2017-10-03 19:27:21.093  INFO 25972 --- [nio-9000-exec-1] CCPDatabaseConnector.java                : >< [CCPDatabaseConnector.searchLocationbyID]> [HIT-10/16] Location 60014089 found at cache.
2017-10-03 19:27:21.096  INFO 25972 --- [nio-9000-exec-1] CCPDatabaseConnector.java                : >< [CCPDatabaseConnector.searchLocationbyID]> Searching ID: 60014089
2017-10-03 19:27:21.096  INFO 25972 --- [nio-9000-exec-1] CCPDatabaseConnector.java                : >< [CCPDatabaseConnector.searchLocationbyID]> [HIT-11/17] Location 60014089 found at cache.
2017-10-03 19:27:21.097  INFO 25972 --- [nio-9000-exec-1] CCPDatabaseConnector.java                : >< [CCPDatabaseConnector.searchLocationbyID]> Searching ID: 60014089
2017-10-03 19:27:21.097  INFO 25972 --- [nio-9000-exec-1] CCPDatabaseConnector.java                : >< [CCPDatabaseConnector.searchLocationbyID]> [HIT-12/18] Location 60014089 found at cache.
2017-10-03 19:27:21.104  INFO 25972 --- [nio-9000-exec-1] CCPDatabaseConnector.java                : >< [CCPDatabaseConnector.searchLocationbyID]> Searching ID: 60014089
2017-10-03 19:27:21.104  INFO 25972 --- [nio-9000-exec-1] CCPDatabaseConnector.java                : >< [CCPDatabaseConnector.searchLocationbyID]> [HIT-13/19] Location 60014089 found at cache.
2017-10-03 19:27:21.120  INFO 25972 --- [nio-9000-exec-1] CCPDatabaseConnector.java                : >< [CCPDatabaseConnector.searchLocationbyID]> Searching ID: 60014089
2017-10-03 19:27:21.120  INFO 25972 --- [nio-9000-exec-1] CCPDatabaseConnector.java                : >< [CCPDatabaseConnector.searchLocationbyID]> [HIT-14/20] Location 60014089 found at cache.
2017-10-03 19:27:21.121  INFO 25972 --- [nio-9000-exec-1] CCPDatabaseConnector.java                : >< [CCPDatabaseConnector.searchLocationbyID]> Searching ID: 60014089
2017-10-03 19:27:21.121  INFO 25972 --- [nio-9000-exec-1] CCPDatabaseConnector.java                : >< [CCPDatabaseConnector.searchLocationbyID]> [HIT-15/21] Location 60014089 found at cache.
2017-10-03 19:27:21.122  INFO 25972 --- [nio-9000-exec-1] CCPDatabaseConnector.java                : >< [CCPDatabaseConnector.searchLocationbyID]> Searching ID: 60014089
2017-10-03 19:27:21.122  INFO 25972 --- [nio-9000-exec-1] CCPDatabaseConnector.java                : >< [CCPDatabaseConnector.searchLocationbyID]> [HIT-16/22] Location 60014089 found at cache.
2017-10-03 19:27:21.123  INFO 25972 --- [nio-9000-exec-1] CCPDatabaseConnector.java                : >< [CCPDatabaseConnector.searchLocationbyID]> Searching ID: 60003643
2017-10-03 19:27:21.123  INFO 25972 --- [nio-9000-exec-1] CCPDatabaseConnector.java                : >< [CCPDatabaseConnector.searchLocationbyID]> [HIT-17/23] Location 60003643 found at cache.
2017-10-03 19:27:21.124  INFO 25972 --- [nio-9000-exec-1] CCPDatabaseConnector.java                : >< [CCPDatabaseConnector.searchLocationbyID]> Searching ID: 60012928
2017-10-03 19:27:21.124  INFO 25972 --- [nio-9000-exec-1] CCPDatabaseConnector.java                : >< [CCPDatabaseConnector.searchLocationbyID]> [HIT-18/24] Location 60012928 found at cache.
2017-10-03 19:27:21.125  INFO 25972 --- [nio-9000-exec-1] CCPDatabaseConnector.java                : >< [CCPDatabaseConnector.searchLocationbyID]> Searching ID: 60012928
2017-10-03 19:27:21.125  INFO 25972 --- [nio-9000-exec-1] CCPDatabaseConnector.java                : >< [CCPDatabaseConnector.searchLocationbyID]> [HIT-19/25] Location 60012928 found at cache.
2017-10-03 19:28:05.589  INFO 25972 --- [nio-9000-exec-5] PilotRoasterController                   : >>>>>>>>>>>>>>>>>>>>NEW REQUEST: /api/v1/login/{Beth Ripley}/pilot/{92223647}/planetarymanager
2017-10-03 19:28:05.589  INFO 25972 --- [nio-9000-exec-5] PilotRoasterController                   : >> [PilotRoasterController.pilotPlanetaryManager]
2017-10-03 19:28:05.589  INFO 25972 --- [nio-9000-exec-5] AppModelStore                            : >< [AppModelStore.activateLoginIdentifier] loginTarget: Beth Ripley
2017-10-03 19:28:05.589  INFO 25972 --- [nio-9000-exec-5] AppModelStore                            : >< [AppModelStore.activatePilot]Id: 92223647
2017-10-03 19:28:05.606  INFO 25972 --- [nio-9000-exec-5] PlanetaryManager                         : DD [PlanetaryManager.processElement]>>>>> Asset: NeoComAsset [#2270 - Noble Metals itemID:1024811329568 locationID:60014089 containerID:-1 ownerID:92223647 quantity:100000 ]

2017-10-03 19:28:05.607  INFO 25972 --- [nio-9000-exec-5] PlanetaryManager                         : DD [PlanetaryManager.processElement]>>>>> Pending assrts count: 18
2017-10-03 19:28:05.607  INFO 25972 --- [nio-9000-exec-5] PlanetaryManager                         : DD [PlanetaryManager.processElement]> Checking Location: 60014089
2017-10-03 19:28:05.607  INFO 25972 --- [nio-9000-exec-5] PlanetaryManager                         : DD [PlanetaryManager.processElement]> Adding asset to Location
2017-10-03 19:28:05.608  INFO 25972 --- [nio-9000-exec-5] CCPDatabaseConnector.java                : >< [CCPDatabaseConnector.searchLocationbyID]> Searching ID: 60014089
2017-10-03 19:28:05.608  INFO 25972 --- [nio-9000-exec-5] CCPDatabaseConnector.java                : >< [CCPDatabaseConnector.searchLocationbyID]> [HIT-20/26] Location 60014089 found at cache.
2017-10-03 19:28:05.608  INFO 25972 --- [nio-9000-exec-5] PlanetaryManager                         : DD [PlanetaryManager.processElement]>>>>> Asset: NeoComAsset [#3775 - Viral Agent itemID:1024031198282 locationID:60014089 containerID:-1 ownerID:92223647 quantity:5855 ]

2017-10-03 19:28:05.608  INFO 25972 --- [nio-9000-exec-5] PlanetaryManager                         : DD [PlanetaryManager.processElement]>>>>> Pending assrts count: 17
2017-10-03 19:28:05.608  INFO 25972 --- [nio-9000-exec-5] PlanetaryManager                         : DD [PlanetaryManager.processElement]> Checking Location: 60014089
2017-10-03 19:28:05.609  INFO 25972 --- [nio-9000-exec-5] PlanetaryManager                         : DD [PlanetaryManager.processElement]> Adding asset to Location
2017-10-03 19:28:05.609  INFO 25972 --- [nio-9000-exec-5] PlanetaryManager                         : DD [PlanetaryManager.processElement]>>>>> Asset: NeoComAsset [#2319 - Test Cultures itemID:1024820237701 locationID:60014089 containerID:-1 ownerID:92223647 quantity:2540 ]

2017-10-03 19:28:05.609  INFO 25972 --- [nio-9000-exec-5] PlanetaryManager                         : DD [PlanetaryManager.processElement]>>>>> Pending assrts count: 16
2017-10-03 19:28:05.609  INFO 25972 --- [nio-9000-exec-5] PlanetaryManager                         : DD [PlanetaryManager.processElement]> Checking Location: 60014089
2017-10-03 19:28:05.610  INFO 25972 --- [nio-9000-exec-5] PlanetaryManager                         : DD [PlanetaryManager.processElement]> Adding asset to Location
2017-10-03 19:28:05.610  INFO 25972 --- [nio-9000-exec-5] PlanetaryManager                         : DD [PlanetaryManager.processElement]>>>>> Asset: NeoComAsset [#2268 - Aqueous Liquids itemID:1024820237700 locationID:60014089 containerID:-1 ownerID:92223647 quantity:200000 ]

2017-10-03 19:28:05.610  INFO 25972 --- [nio-9000-exec-5] PlanetaryManager                         : DD [PlanetaryManager.processElement]>>>>> Pending assrts count: 15
2017-10-03 19:28:05.610  INFO 25972 --- [nio-9000-exec-5] PlanetaryManager                         : DD [PlanetaryManager.processElement]> Checking Location: 60014089
2017-10-03 19:28:05.610  INFO 25972 --- [nio-9000-exec-5] PlanetaryManager                         : DD [PlanetaryManager.processElement]> Adding asset to Location
2017-10-03 19:28:05.611  INFO 25972 --- [nio-9000-exec-5] PlanetaryManager                         : DD [PlanetaryManager.processElement]>>>>> Asset: NeoComAsset [#9842 - Miniature Electronics itemID:1024334597836 locationID:60014089 containerID:-1 ownerID:92223647 quantity:11015 ]

2017-10-03 19:28:05.619  INFO 25972 --- [nio-9000-exec-5] PlanetaryManager                         : DD [PlanetaryManager.processElement]>>>>> Pending assrts count: 14
2017-10-03 19:28:05.619  INFO 25972 --- [nio-9000-exec-5] PlanetaryManager                         : DD [PlanetaryManager.processElement]> Checking Location: 60014089
2017-10-03 19:28:05.620  INFO 25972 --- [nio-9000-exec-5] PlanetaryManager                         : DD [PlanetaryManager.processElement]> Adding asset to Location
2017-10-03 19:28:05.620  INFO 25972 --- [nio-9000-exec-5] PlanetaryManager                         : DD [PlanetaryManager.processElement]>>>>> Asset: NeoComAsset [#2306 - Non-CS Crystals itemID:1023334420469 locationID:60003643 containerID:-1 ownerID:92223647 quantity:1 ]

2017-10-03 19:28:05.620  INFO 25972 --- [nio-9000-exec-5] PlanetaryManager                         : DD [PlanetaryManager.processElement]>>>>> Pending assrts count: 13
2017-10-03 19:28:05.620  INFO 25972 --- [nio-9000-exec-5] PlanetaryManager                         : DD [PlanetaryManager.processElement]> Checking Location: 60003643
2017-10-03 19:28:05.621  INFO 25972 --- [nio-9000-exec-5] PlanetaryManager                         : DD [PlanetaryManager.processElement]> Adding asset to Location
2017-10-03 19:28:05.621  INFO 25972 --- [nio-9000-exec-5] CCPDatabaseConnector.java                : >< [CCPDatabaseConnector.searchLocationbyID]> Searching ID: 60003643
2017-10-03 19:28:05.621  INFO 25972 --- [nio-9000-exec-5] CCPDatabaseConnector.java                : >< [CCPDatabaseConnector.searchLocationbyID]> [HIT-21/27] Location 60003643 found at cache.
2017-10-03 19:28:05.621  INFO 25972 --- [nio-9000-exec-5] PlanetaryManager                         : DD [PlanetaryManager.processElement]>>>>> Asset: NeoComAsset [#2306 - Non-CS Crystals itemID:1024820217280 locationID:60014089 containerID:-1 ownerID:92223647 quantity:100000 ]

2017-10-03 19:28:05.621  INFO 25972 --- [nio-9000-exec-5] PlanetaryManager                         : DD [PlanetaryManager.processElement]>>>>> Pending assrts count: 12
2017-10-03 19:28:05.621  INFO 25972 --- [nio-9000-exec-5] PlanetaryManager                         : DD [PlanetaryManager.processElement]> Checking Location: 60014089
2017-10-03 19:28:05.622  INFO 25972 --- [nio-9000-exec-5] PlanetaryManager                         : DD [PlanetaryManager.processElement]> Adding asset to Location
2017-10-03 19:28:05.622  INFO 25972 --- [nio-9000-exec-5] PlanetaryManager                         : DD [PlanetaryManager.processElement]>>>>> Asset: NeoComAsset [#3691 - Synthetic Oil itemID:1024031194707 locationID:60014089 containerID:-1 ownerID:92223647 quantity:7680 ]

2017-10-03 19:28:05.622  INFO 25972 --- [nio-9000-exec-5] PlanetaryManager                         : DD [PlanetaryManager.processElement]>>>>> Pending assrts count: 11
2017-10-03 19:28:05.622  INFO 25972 --- [nio-9000-exec-5] PlanetaryManager                         : DD [PlanetaryManager.processElement]> Checking Location: 60014089
2017-10-03 19:28:05.623  INFO 25972 --- [nio-9000-exec-5] PlanetaryManager                         : DD [PlanetaryManager.processElement]> Adding asset to Location
2017-10-03 19:28:05.623  INFO 25972 --- [nio-9000-exec-5] PlanetaryManager                         : DD [PlanetaryManager.processElement]>>>>> Asset: NeoComAsset [#9840 - Transmitter itemID:1024031190330 locationID:60014089 containerID:-1 ownerID:92223647 quantity:8215 ]

2017-10-03 19:28:05.623  INFO 25972 --- [nio-9000-exec-5] PlanetaryManager                         : DD [PlanetaryManager.processElement]>>>>> Pending assrts count: 10
2017-10-03 19:28:05.623  INFO 25972 --- [nio-9000-exec-5] PlanetaryManager                         : DD [PlanetaryManager.processElement]> Checking Location: 60014089
2017-10-03 19:28:05.624  INFO 25972 --- [nio-9000-exec-5] PlanetaryManager                         : DD [PlanetaryManager.processElement]> Adding asset to Location
2017-10-03 19:28:05.624  INFO 25972 --- [nio-9000-exec-5] PlanetaryManager                         : DD [PlanetaryManager.processElement]>>>>> Asset: NeoComAsset [#2389 - Plasmoids itemID:1024406061063 locationID:-2 containerID:1024674208617 ownerID:92223647 quantity:14182 ]

2017-10-03 19:28:05.624  INFO 25972 --- [nio-9000-exec-5] PlanetaryManager                         : DD [PlanetaryManager.processElement]>>>>> Pending assrts count: 9
2017-10-03 19:28:05.624  INFO 25972 --- [nio-9000-exec-5] PlanetaryManager                         : DD [PlanetaryManager.processElement]> Detected parent
2017-10-03 19:28:05.625  INFO 25972 --- [nio-9000-exec-5] PlanetaryManager                         : DD [PlanetaryManager.processElement]> Parent: NeoComAsset [#17366 - Station Container [00-Classify] itemID:1024674208617 locationID:60008494 containerID:-1 ownerID:92223647 quantity:1 ]

2017-10-03 19:28:05.625  INFO 25972 --- [nio-9000-exec-5] PlanetaryManager                         : DD [PlanetaryManager.processElement]>>>>> Asset: NeoComAsset [#17366 - Station Container [00-Classify] itemID:1024674208617 locationID:60008494 containerID:-1 ownerID:92223647 quantity:1 ]

2017-10-03 19:28:05.625  INFO 25972 --- [nio-9000-exec-5] PlanetaryManager                         : DD [PlanetaryManager.processElement]>>>>> Pending assrts count: 8
2017-10-03 19:28:05.625  INFO 25972 --- [nio-9000-exec-5] PlanetaryManager                         : DD [PlanetaryManager.processElement]> Detected container
2017-10-03 19:28:05.625  INFO 25972 --- [nio-9000-exec-5] PlanetaryManager                         : DD [PlanetaryManager.processElement]> Container added to Location
2017-10-03 19:28:05.625  INFO 25972 --- [nio-9000-exec-5] CCPDatabaseConnector.java                : >< [CCPDatabaseConnector.searchLocationbyID]> Searching ID: 60008494
2017-10-03 19:28:05.625  INFO 25972 --- [nio-9000-exec-5] CCPDatabaseConnector.java                : >< [CCPDatabaseConnector.searchLocationbyID]> [HIT-22/28] Location 60008494 found at cache.
2017-10-03 19:28:05.625  INFO 25972 --- [nio-9000-exec-5] PlanetaryManager                         : DD [PlanetaryManager.processElement]<<<<< Completed processing: 1024674208617
2017-10-03 19:28:05.625  INFO 25972 --- [nio-9000-exec-5] PlanetaryManager                         : DD [PlanetaryManager.processElement]> Added asset: 1024406061063 to Container: 1024674208617
2017-10-03 19:28:05.625  INFO 25972 --- [nio-9000-exec-5] PlanetaryManager                         : DD [PlanetaryManager.processElement]<<<<< Completed processing: 1024406061063
2017-10-03 19:28:05.625  INFO 25972 --- [nio-9000-exec-5] PlanetaryManager                         : DD [PlanetaryManager.processElement]>>>>> Asset: NeoComAsset [#2463 - Nanites itemID:1024031186364 locationID:60014089 containerID:-1 ownerID:92223647 quantity:8265 ]

2017-10-03 19:28:05.626  INFO 25972 --- [nio-9000-exec-5] PlanetaryManager                         : DD [PlanetaryManager.processElement]>>>>> Pending assrts count: 8
2017-10-03 19:28:05.626  INFO 25972 --- [nio-9000-exec-5] PlanetaryManager                         : DD [PlanetaryManager.processElement]> Checking Location: 60014089
2017-10-03 19:28:05.626  INFO 25972 --- [nio-9000-exec-5] PlanetaryManager                         : DD [PlanetaryManager.processElement]> Adding asset to Location
2017-10-03 19:28:05.627  INFO 25972 --- [nio-9000-exec-5] PlanetaryManager                         : DD [PlanetaryManager.processElement]>>>>> Asset: NeoComAsset [#9832 - Coolant itemID:1024334599543 locationID:60014089 containerID:-1 ownerID:92223647 quantity:10835 ]

2017-10-03 19:28:05.627  INFO 25972 --- [nio-9000-exec-5] PlanetaryManager                         : DD [PlanetaryManager.processElement]>>>>> Pending assrts count: 7
2017-10-03 19:28:05.627  INFO 25972 --- [nio-9000-exec-5] PlanetaryManager                         : DD [PlanetaryManager.processElement]> Checking Location: 60014089
2017-10-03 19:28:05.627  INFO 25972 --- [nio-9000-exec-5] PlanetaryManager                         : DD [PlanetaryManager.processElement]> Adding asset to Location
2017-10-03 19:28:05.627  INFO 25972 --- [nio-9000-exec-5] PlanetaryManager                         : DD [PlanetaryManager.processElement]>>>>> Asset: NeoComAsset [#2268 - Aqueous Liquids itemID:1022482691766 locationID:60012928 containerID:-1 ownerID:92223647 quantity:1069226 ]

2017-10-03 19:28:05.630  INFO 25972 --- [nio-9000-exec-5] PlanetaryManager                         : DD [PlanetaryManager.processElement]>>>>> Pending assrts count: 6
2017-10-03 19:28:05.630  INFO 25972 --- [nio-9000-exec-5] PlanetaryManager                         : DD [PlanetaryManager.processElement]> Checking Location: 60012928
2017-10-03 19:28:05.631  INFO 25972 --- [nio-9000-exec-5] PlanetaryManager                         : DD [PlanetaryManager.processElement]> Adding asset to Location
2017-10-03 19:28:05.631  INFO 25972 --- [nio-9000-exec-5] CCPDatabaseConnector.java                : >< [CCPDatabaseConnector.searchLocationbyID]> Searching ID: 60012928
2017-10-03 19:28:05.631  INFO 25972 --- [nio-9000-exec-5] CCPDatabaseConnector.java                : >< [CCPDatabaseConnector.searchLocationbyID]> [HIT-23/29] Location 60012928 found at cache.
2017-10-03 19:28:05.631  INFO 25972 --- [nio-9000-exec-5] PlanetaryManager                         : DD [PlanetaryManager.processElement]>>>>> Asset: NeoComAsset [#2309 - Ionic Solutions itemID:1022482691769 locationID:60012928 containerID:-1 ownerID:92223647 quantity:381205 ]

2017-10-03 19:28:05.631  INFO 25972 --- [nio-9000-exec-5] PlanetaryManager                         : DD [PlanetaryManager.processElement]>>>>> Pending assrts count: 5
2017-10-03 19:28:05.631  INFO 25972 --- [nio-9000-exec-5] PlanetaryManager                         : DD [PlanetaryManager.processElement]> Checking Location: 60012928
2017-10-03 19:28:05.632  INFO 25972 --- [nio-9000-exec-5] PlanetaryManager                         : DD [PlanetaryManager.processElement]> Adding asset to Location
2017-10-03 19:28:05.632  INFO 25972 --- [nio-9000-exec-5] PlanetaryManager                         : DD [PlanetaryManager.processElement]>>>>> Asset: NeoComAsset [#9838 - Superconductors itemID:1024406061064 locationID:-2 containerID:1024674208617 ownerID:92223647 quantity:2570 ]

2017-10-03 19:28:05.632  INFO 25972 --- [nio-9000-exec-5] PlanetaryManager                         : DD [PlanetaryManager.processElement]>>>>> Pending assrts count: 4
2017-10-03 19:28:05.632  INFO 25972 --- [nio-9000-exec-5] PlanetaryManager                         : DD [PlanetaryManager.processElement]> Detected parent
2017-10-03 19:28:05.632  INFO 25972 --- [nio-9000-exec-5] PlanetaryManager                         : DD [PlanetaryManager.processElement]> Parent: NeoComAsset [#17366 - Station Container [00-Classify] itemID:1024674208617 locationID:60008494 containerID:-1 ownerID:92223647 quantity:1 ]

2017-10-03 19:28:05.633  INFO 25972 --- [nio-9000-exec-5] PlanetaryManager                         : DD [PlanetaryManager.processElement]>>>>> Asset: NeoComAsset [#17366 - Station Container [00-Classify] itemID:1024674208617 locationID:60008494 containerID:-1 ownerID:92223647 quantity:1 ]

2017-10-03 19:28:05.633  INFO 25972 --- [nio-9000-exec-5] PlanetaryManager                         : DD [PlanetaryManager.processElement]>>>>> Pending assrts count: 3
2017-10-03 19:28:05.633  INFO 25972 --- [nio-9000-exec-5] PlanetaryManager                         : DD [PlanetaryManager.processElement]> Detected container
2017-10-03 19:28:05.633  INFO 25972 --- [nio-9000-exec-5] PlanetaryManager                         : DD [PlanetaryManager.processElement]> Container added to Location
2017-10-03 19:28:05.633  INFO 25972 --- [nio-9000-exec-5] PlanetaryManager                         : DD [PlanetaryManager.processElement]<<<<< Completed processing: 1024674208617
2017-10-03 19:28:05.633  INFO 25972 --- [nio-9000-exec-5] PlanetaryManager                         : DD [PlanetaryManager.processElement]> Added asset: 1024406061064 to Container: 1024674208617
2017-10-03 19:28:05.633  INFO 25972 --- [nio-9000-exec-5] PlanetaryManager                         : DD [PlanetaryManager.processElement]<<<<< Completed processing: 1024406061064
2017-10-03 19:28:05.633  INFO 25972 --- [nio-9000-exec-5] PlanetaryManager                         : DD [PlanetaryManager.processElement]>>>>> Asset: NeoComAsset [#2073 - Microorganisms itemID:1024284871583 locationID:60014089 containerID:-1 ownerID:92223647 quantity:300000 ]

2017-10-03 19:28:05.633  INFO 25972 --- [nio-9000-exec-5] PlanetaryManager                         : DD [PlanetaryManager.processElement]>>>>> Pending assrts count: 3
2017-10-03 19:28:05.633  INFO 25972 --- [nio-9000-exec-5] PlanetaryManager                         : DD [PlanetaryManager.processElement]> Checking Location: 60014089
2017-10-03 19:28:05.634  INFO 25972 --- [nio-9000-exec-5] PlanetaryManager                         : DD [PlanetaryManager.processElement]> Adding asset to Location
2017-10-03 19:28:05.635  INFO 25972 --- [nio-9000-exec-5] PlanetaryManager                         : DD [PlanetaryManager.processElement]>>>>> Asset: NeoComAsset [#2308 - Suspended Plasma itemID:1024284880268 locationID:60014089 containerID:-1 ownerID:92223647 quantity:214000 ]

2017-10-03 19:28:05.635  INFO 25972 --- [nio-9000-exec-5] PlanetaryManager                         : DD [PlanetaryManager.processElement]>>>>> Pending assrts count: 2
2017-10-03 19:28:05.635  INFO 25972 --- [nio-9000-exec-5] PlanetaryManager                         : DD [PlanetaryManager.processElement]> Checking Location: 60014089
2017-10-03 19:28:05.636  INFO 25972 --- [nio-9000-exec-5] PlanetaryManager                         : DD [PlanetaryManager.processElement]> Adding asset to Location
2017-10-03 19:28:05.637  INFO 25972 --- [nio-9000-exec-5] PlanetaryManager                         : DD [PlanetaryManager.processElement]>>>>> Asset: NeoComAsset [#3689 - Mechanical Parts itemID:1024334598625 locationID:60014089 containerID:-1 ownerID:92223647 quantity:10755 ]

2017-10-03 19:28:05.637  INFO 25972 --- [nio-9000-exec-5] PlanetaryManager                         : DD [PlanetaryManager.processElement]>>>>> Pending assrts count: 1
2017-10-03 19:28:05.637  INFO 25972 --- [nio-9000-exec-5] PlanetaryManager                         : DD [PlanetaryManager.processElement]> Checking Location: 60014089
2017-10-03 19:28:05.638  INFO 25972 --- [nio-9000-exec-5] PlanetaryManager                         : DD [PlanetaryManager.processElement]> Adding asset to Location
2017-10-03 19:28:05.638  INFO 25972 --- [nio-9000-exec-5] PlanetaryManager                         : -- [AssetsManager.accessAllAssets]> No more assets to process
2017-10-03 19:28:05.638  INFO 25972 --- [nio-9000-exec-5] PlanetaryManager                         : -- [AssetsManager.accessAllAssets]> Assets processed: 18
2017-10-03 19:28:05.638  INFO 25972 --- [nio-9000-exec-5] PilotRoasterController                   : << [PilotRoasterController.pilotPlanetaryManager]
2017-10-03 19:28:05.648  INFO 25972 --- [nio-9000-exec-5] CCPDatabaseConnector.java                : >< [CCPDatabaseConnector.searchLocationbyID]> Searching ID: -2
2017-10-03 19:28:05.649  INFO 25972 --- [nio-9000-exec-5] CCPDatabaseConnector.java                : -- [searchLocationbyID]> Location: -2 not found on any Database - UNKNOWN-.
2017-10-03 19:28:05.650  INFO 25972 --- [nio-9000-exec-5] CCPDatabaseConnector.java                : >< [CCPDatabaseConnector.searchLocationbyID]> Searching ID: 60008494
2017-10-03 19:28:05.650  INFO 25972 --- [nio-9000-exec-5] CCPDatabaseConnector.java                : >< [CCPDatabaseConnector.searchLocationbyID]> [HIT-24/31] Location 60008494 found at cache.
2017-10-03 19:28:05.650  INFO 25972 --- [nio-9000-exec-5] CCPDatabaseConnector.java                : >< [CCPDatabaseConnector.searchLocationbyID]> Searching ID: -2
2017-10-03 19:28:05.653  INFO 25972 --- [nio-9000-exec-5] CCPDatabaseConnector.java                : -- [searchLocationbyID]> Location: -2 not found on any Database - UNKNOWN-.
2017-10-03 19:28:05.654  INFO 25972 --- [nio-9000-exec-5] CCPDatabaseConnector.java                : >< [CCPDatabaseConnector.searchLocationbyID]> Searching ID: 60008494
2017-10-03 19:28:05.654  INFO 25972 --- [nio-9000-exec-5] CCPDatabaseConnector.java                : >< [CCPDatabaseConnector.searchLocationbyID]> [HIT-25/33] Location 60008494 found at cache.
2017-10-03 19:28:05.664  INFO 25972 --- [nio-9000-exec-5] CCPDatabaseConnector.java                : >< [CCPDatabaseConnector.searchLocationbyID]> Searching ID: 60014089
2017-10-03 19:28:05.664  INFO 25972 --- [nio-9000-exec-5] CCPDatabaseConnector.java                : >< [CCPDatabaseConnector.searchLocationbyID]> [HIT-26/34] Location 60014089 found at cache.
2017-10-03 19:28:05.664  INFO 25972 --- [nio-9000-exec-5] CCPDatabaseConnector.java                : >< [CCPDatabaseConnector.searchLocationbyID]> Searching ID: 60014089
2017-10-03 19:28:05.665  INFO 25972 --- [nio-9000-exec-5] CCPDatabaseConnector.java                : >< [CCPDatabaseConnector.searchLocationbyID]> [HIT-27/35] Location 60014089 found at cache.
2017-10-03 19:28:05.665  INFO 25972 --- [nio-9000-exec-5] CCPDatabaseConnector.java                : >< [CCPDatabaseConnector.searchLocationbyID]> Searching ID: 60014089
2017-10-03 19:28:05.665  INFO 25972 --- [nio-9000-exec-5] CCPDatabaseConnector.java                : >< [CCPDatabaseConnector.searchLocationbyID]> [HIT-28/36] Location 60014089 found at cache.
2017-10-03 19:28:05.665  INFO 25972 --- [nio-9000-exec-5] CCPDatabaseConnector.java                : >< [CCPDatabaseConnector.searchLocationbyID]> Searching ID: 60014089
2017-10-03 19:28:05.665  INFO 25972 --- [nio-9000-exec-5] CCPDatabaseConnector.java                : >< [CCPDatabaseConnector.searchLocationbyID]> [HIT-29/37] Location 60014089 found at cache.
2017-10-03 19:28:05.665  INFO 25972 --- [nio-9000-exec-5] CCPDatabaseConnector.java                : >< [CCPDatabaseConnector.searchLocationbyID]> Searching ID: 60014089
2017-10-03 19:28:05.665  INFO 25972 --- [nio-9000-exec-5] CCPDatabaseConnector.java                : >< [CCPDatabaseConnector.searchLocationbyID]> [HIT-30/38] Location 60014089 found at cache.
2017-10-03 19:28:05.666  INFO 25972 --- [nio-9000-exec-5] CCPDatabaseConnector.java                : >< [CCPDatabaseConnector.searchLocationbyID]> Searching ID: 60014089
2017-10-03 19:28:05.666  INFO 25972 --- [nio-9000-exec-5] CCPDatabaseConnector.java                : >< [CCPDatabaseConnector.searchLocationbyID]> [HIT-31/39] Location 60014089 found at cache.
2017-10-03 19:28:05.666  INFO 25972 --- [nio-9000-exec-5] CCPDatabaseConnector.java                : >< [CCPDatabaseConnector.searchLocationbyID]> Searching ID: 60014089
2017-10-03 19:28:05.666  INFO 25972 --- [nio-9000-exec-5] CCPDatabaseConnector.java                : >< [CCPDatabaseConnector.searchLocationbyID]> [HIT-32/40] Location 60014089 found at cache.
2017-10-03 19:28:05.666  INFO 25972 --- [nio-9000-exec-5] CCPDatabaseConnector.java                : >< [CCPDatabaseConnector.searchLocationbyID]> Searching ID: 60014089
2017-10-03 19:28:05.666  INFO 25972 --- [nio-9000-exec-5] CCPDatabaseConnector.java                : >< [CCPDatabaseConnector.searchLocationbyID]> [HIT-33/41] Location 60014089 found at cache.
2017-10-03 19:28:05.669  INFO 25972 --- [nio-9000-exec-5] CCPDatabaseConnector.java                : >< [CCPDatabaseConnector.searchLocationbyID]> Searching ID: 60014089
2017-10-03 19:28:05.674  INFO 25972 --- [nio-9000-exec-5] CCPDatabaseConnector.java                : >< [CCPDatabaseConnector.searchLocationbyID]> [HIT-34/42] Location 60014089 found at cache.
2017-10-03 19:28:05.675  INFO 25972 --- [nio-9000-exec-5] CCPDatabaseConnector.java                : >< [CCPDatabaseConnector.searchLocationbyID]> Searching ID: 60014089
2017-10-03 19:28:05.675  INFO 25972 --- [nio-9000-exec-5] CCPDatabaseConnector.java                : >< [CCPDatabaseConnector.searchLocationbyID]> [HIT-35/43] Location 60014089 found at cache.
2017-10-03 19:28:05.675  INFO 25972 --- [nio-9000-exec-5] CCPDatabaseConnector.java                : >< [CCPDatabaseConnector.searchLocationbyID]> Searching ID: 60014089
2017-10-03 19:28:05.675  INFO 25972 --- [nio-9000-exec-5] CCPDatabaseConnector.java                : >< [CCPDatabaseConnector.searchLocationbyID]> [HIT-36/44] Location 60014089 found at cache.
2017-10-03 19:28:05.676  INFO 25972 --- [nio-9000-exec-5] CCPDatabaseConnector.java                : >< [CCPDatabaseConnector.searchLocationbyID]> Searching ID: 60014089
2017-10-03 19:28:05.676  INFO 25972 --- [nio-9000-exec-5] CCPDatabaseConnector.java                : >< [CCPDatabaseConnector.searchLocationbyID]> [HIT-37/45] Location 60014089 found at cache.
2017-10-03 19:28:05.676  INFO 25972 --- [nio-9000-exec-5] CCPDatabaseConnector.java                : >< [CCPDatabaseConnector.searchLocationbyID]> Searching ID: 60014089
2017-10-03 19:28:05.676  INFO 25972 --- [nio-9000-exec-5] CCPDatabaseConnector.java                : >< [CCPDatabaseConnector.searchLocationbyID]> [HIT-38/46] Location 60014089 found at cache.
2017-10-03 19:28:05.677  INFO 25972 --- [nio-9000-exec-5] CCPDatabaseConnector.java                : >< [CCPDatabaseConnector.searchLocationbyID]> Searching ID: 60003643
2017-10-03 19:28:05.677  INFO 25972 --- [nio-9000-exec-5] CCPDatabaseConnector.java                : >< [CCPDatabaseConnector.searchLocationbyID]> [HIT-39/47] Location 60003643 found at cache.
2017-10-03 19:28:05.678  INFO 25972 --- [nio-9000-exec-5] CCPDatabaseConnector.java                : >< [CCPDatabaseConnector.searchLocationbyID]> Searching ID: 60012928
2017-10-03 19:28:05.678  INFO 25972 --- [nio-9000-exec-5] CCPDatabaseConnector.java                : >< [CCPDatabaseConnector.searchLocationbyID]> [HIT-40/48] Location 60012928 found at cache.
2017-10-03 19:28:05.679  INFO 25972 --- [nio-9000-exec-5] CCPDatabaseConnector.java                : >< [CCPDatabaseConnector.searchLocationbyID]> Searching ID: 60012928
2017-10-03 19:28:05.679  INFO 25972 --- [nio-9000-exec-5] CCPDatabaseConnector.java                : >< [CCPDatabaseConnector.searchLocationbyID]> [HIT-41/49] Location 60012928 found at cache.
