Angular is running in the development mode. Call enableProdMode() to enable the production mode.
FIRST ITERATION
credentials-page.component.ts:44 >> [CredentialsPageComponent.ngOnInit]
app-model-store.service.ts:75 ><[AppModelStoreService.accessCredentialList]
app-model-store.service.ts:130 ><[AppModelStoreService.getBackendCredentialList]
credentials-page.component.ts:67 << [CredentialsPageComponent.ngOnInit]

credentials-page.component.ts:77 >>[CredentialDataSource.getBodyParts]
credentials-page.component.ts:77 >>[CredentialDataSource.getBodyParts]
credentials-page.component.ts:77 >>[CredentialDataSource.getBodyParts]
credentials-page.component.ts:77 >>[CredentialDataSource.getBodyParts]
app-model-store.service.ts:135 --[AppModelStoreService.getBackendCredentialList]> Processing response.
app-model-store.service.ts:154 --[AppModelStoreService.transformRequestOutput]> Credential node: 92223647
app-model-store.service.ts:142 <<[AppModelStoreService.getBackendCredentialList]> Processed: 1
credentials-page.component.ts:53 --[LoginPageComponent.ngOnInit.accessLoginList]>Loginlist.length: 1
credentials-page.component.ts:77 >>[CredentialDataSource.getBodyParts]
credentials-page.component.ts:82 >>[CredentialDataSource.getBodyParts]> Collaborating 1 nodes.
credentials-page.component.ts:77 >>[CredentialDataSource.getBodyParts]
credentials-page.component.ts:82 >>[CredentialDataSource.getBodyParts]> Collaborating 1 nodes.
client:147 [WDS] Warnings while compiling.
warnings @ client:147
onmessage @ socket.js:41
EventTarget.dispatchEvent @ sockjs.js:170
(anonymous) @ sockjs.js:883
SockJS._transportMessage @ sockjs.js:881
EventEmitter.emit @ sockjs.js:86
WebSocketTransport.ws.onmessage @ sockjs.js:2957
wrapFn @ zone.js:1166
ZoneDelegate.invokeTask @ zone.js:421
Zone.runTask @ zone.js:188
ZoneTask.invokeTask @ zone.js:496
invokeTask @ zone.js:1517
globalZoneAwareCallback @ zone.js:1543
client:153 Circular dependency detected:
src\app\models\AssetGroup.model.ts -> src\app\models\SpaceContainer.model.ts -> src\app\models\Ship.model.ts -> src\app\models\AssetGroup.model.ts
warnings @ client:153
onmessage @ socket.js:41
EventTarget.dispatchEvent @ sockjs.js:170
(anonymous) @ sockjs.js:883
SockJS._transportMessage @ sockjs.js:881
EventEmitter.emit @ sockjs.js:86
WebSocketTransport.ws.onmessage @ sockjs.js:2957
wrapFn @ zone.js:1166
ZoneDelegate.invokeTask @ zone.js:421
Zone.runTask @ zone.js:188
ZoneTask.invokeTask @ zone.js:496
invokeTask @ zone.js:1517
globalZoneAwareCallback @ zone.js:1543
client:153 Circular dependency detected:
src\app\models\Ship.model.ts -> src\app\models\SpaceContainer.model.ts -> src\app\models\Ship.model.ts
warnings @ client:153
onmessage @ socket.js:41
EventTarget.dispatchEvent @ sockjs.js:170
(anonymous) @ sockjs.js:883
SockJS._transportMessage @ sockjs.js:881
EventEmitter.emit @ sockjs.js:86
WebSocketTransport.ws.onmessage @ sockjs.js:2957
wrapFn @ zone.js:1166
ZoneDelegate.invokeTask @ zone.js:421
Zone.runTask @ zone.js:188
ZoneTask.invokeTask @ zone.js:496
invokeTask @ zone.js:1517
globalZoneAwareCallback @ zone.js:1543
client:153 Circular dependency detected:
src\app\models\SpaceContainer.model.ts -> src\app\models\Ship.model.ts -> src\app\models\SpaceContainer.model.ts
warnings @ client:153
onmessage @ socket.js:41
EventTarget.dispatchEvent @ sockjs.js:170
(anonymous) @ sockjs.js:883
SockJS._transportMessage @ sockjs.js:881
EventEmitter.emit @ sockjs.js:86
WebSocketTransport.ws.onmessage @ sockjs.js:2957
wrapFn @ zone.js:1166
ZoneDelegate.invokeTask @ zone.js:421
Zone.runTask @ zone.js:188
ZoneTask.invokeTask @ zone.js:496
invokeTask @ zone.js:1517
globalZoneAwareCallback @ zone.js:1543




Angular is running in the development mode. Call enableProdMode() to enable the production mode.
credentials-page.component.ts:44 >> [CredentialsPageComponent.ngOnInit]
app-model-store.service.ts:75 ><[AppModelStoreService.accessCredentialList]
app-model-store.service.ts:130 ><[AppModelStoreService.getBackendCredentialList]
credentials-page.component.ts:67 << [CredentialsPageComponent.ngOnInit]

credentials-page.component.ts:77 >>[CredentialDataSource.getBodyParts]
credentials-page.component.ts:88 <<[CredentialDataSource.getBodyParts]
credentials-page.component.ts:77 >>[CredentialDataSource.getBodyParts]
credentials-page.component.ts:88 <<[CredentialDataSource.getBodyParts]
credentials-page.component.ts:77 >>[CredentialDataSource.getBodyParts]
credentials-page.component.ts:88 <<[CredentialDataSource.getBodyParts]
credentials-page.component.ts:77 >>[CredentialDataSource.getBodyParts]
credentials-page.component.ts:88 <<[CredentialDataSource.getBodyParts]
app-model-store.service.ts:135 --[AppModelStoreService.getBackendCredentialList]> Processing response.
app-model-store.service.ts:154 --[AppModelStoreService.transformRequestOutput]> Credential node: 92223647
app-model-store.service.ts:142 <<[AppModelStoreService.getBackendCredentialList]> Processed: 1
credentials-page.component.ts:53 --[LoginPageComponent.ngOnInit.accessLoginList]>Loginlist.length: 1
credentials-page.component.ts:77 >>[CredentialDataSource.getBodyParts]
credentials-page.component.ts:82 --[CredentialDataSource.getBodyParts]> Collaborating 1 nodes.
credentials-page.component.ts:88 <<[CredentialDataSource.getBodyParts]
credentials-page.component.ts:77 >>[CredentialDataSource.getBodyParts]
credentials-page.component.ts:82 --[CredentialDataSource.getBodyParts]> Collaborating 1 nodes.
credentials-page.component.ts:88 <<[CredentialDataSource.getBodyParts]
client:147 [WDS] Warnings while compiling.



